2023-01-17 16:17:37,461 [INFO] Activator:179 - 


2023-01-17 16:17:37,463 [INFO] Activator:180 - !SESSION log4j initialized
2023-01-17 16:17:42,457 [INFO] McuFinderGlobals:52 - Set McuFinder mode to 2 (CubeIDE integrated)
2023-01-17 16:17:44,036 [INFO] ApplicationProperties:181 - Using Application install path: C:\ST\STM32CubeIDE_1.11.0\STM32CubeIDE\plugins\com.st.stm32cube.common.mx_6.7.0.202211181646
2023-01-17 16:17:44,053 [INFO] DbMcusXml:77 - Set database path to: C:\ST\STM32CubeIDE_1.11.0\STM32CubeIDE\plugins\com.st.stm32cube.common.mx_6.7.0.202211181646\\db\/mcu/
2023-01-17 16:17:44,054 [INFO] ApiDb:273 - Set plugin database path to: C:\ST\STM32CubeIDE_1.11.0\STM32CubeIDE\plugins\com.st.stm32cube.common.mx_6.7.0.202211181646\\db\/plugins/boardmanager/
2023-01-17 16:17:44,056 [WARN] ApiDb:258 - Overriding images path with different value:  => C:\ST\STM32CubeIDE_1.11.0\STM32CubeIDE\plugins\com.st.stm32cube.common.mx_6.7.0.202211181646\\db\/plugins/mcufinder/images/
2023-01-17 16:17:44,070 [INFO] ApiDb:249 - Set database path to: C:\Users\Jorn\.stmcufinder\plugins\mcufinder//mcu/
2023-01-17 16:17:44,071 [INFO] DbMcusAds:124 - Set database path to: C:\Users\Jorn\.stmcufinder\plugins\mcufinder//mcu/
2023-01-17 16:17:44,074 [INFO] CrossReferenceDbSqlite:202 - Set database path to: C:\Users\Jorn\.stmcufinder\plugins\mcufinder//mcu/cs/
2023-01-17 16:17:44,209 [INFO] RulesReader:61 - Compatibility file has been processed (283 Rules)
2023-01-17 16:17:44,309 [INFO] DbMcusXml:77 - Set database path to: C:\ST\STM32CubeIDE_1.11.0\STM32CubeIDE\plugins\com.st.stm32cube.common.mx_6.7.0.202211181646\\db\/mcu/
2023-01-17 16:17:44,309 [INFO] ApiDb:273 - Set plugin database path to: C:\ST\STM32CubeIDE_1.11.0\STM32CubeIDE\plugins\com.st.stm32cube.common.mx_6.7.0.202211181646\\db\/plugins/boardmanager/
2023-01-17 16:17:44,310 [INFO] ApiDb:260 - Set plugin images path to: C:\ST\STM32CubeIDE_1.11.0\STM32CubeIDE\plugins\com.st.stm32cube.common.mx_6.7.0.202211181646\\db\/plugins/mcufinder/images/
2023-01-17 16:17:44,310 [WARN] DbFile:40 - Overriding database path with different value: C:\Users\Jorn\.stmcufinder\plugins\mcufinder/ => C:\Users\Jorn\.stmcufinder\plugins\mcufinder
2023-01-17 16:17:44,310 [INFO] ApiDb:249 - Set database path to: C:\Users\Jorn\.stmcufinder\plugins\mcufinder//mcu/
2023-01-17 16:17:44,310 [WARN] DbFile:40 - Overriding database path with different value: C:\Users\Jorn\.stmcufinder\plugins\mcufinder/ => C:\Users\Jorn\.stmcufinder\plugins\mcufinder
2023-01-17 16:17:44,310 [INFO] DbMcusAds:124 - Set database path to: C:\Users\Jorn\.stmcufinder\plugins\mcufinder//mcu/
2023-01-17 16:17:44,311 [WARN] DbFile:40 - Overriding database path with different value: C:\Users\Jorn\.stmcufinder\plugins\mcufinder/ => C:\Users\Jorn\.stmcufinder\plugins\mcufinder
2023-01-17 16:17:44,312 [WARN] DbFile:40 - Overriding database path with different value: C:\Users\Jorn\.stmcufinder\plugins\mcufinder/ => C:\Users\Jorn\.stmcufinder\plugins\mcufinder
2023-01-17 16:17:44,312 [INFO] CrossReferenceDbSqlite:202 - Set database path to: C:\Users\Jorn\.stmcufinder\plugins\mcufinder//mcu/cs/
2023-01-17 16:17:44,387 [INFO] MainPanel:252 - HeapMemory: 268435456
2023-01-17 16:17:44,492 [INFO] DbMcusXml:77 - Set database path to: C:\ST\STM32CubeIDE_1.11.0\STM32CubeIDE\plugins\com.st.stm32cube.common.mx_6.7.0.202211181646\\db\/mcu/
2023-01-17 16:17:44,493 [INFO] ApiDb:273 - Set plugin database path to: C:\ST\STM32CubeIDE_1.11.0\STM32CubeIDE\plugins\com.st.stm32cube.common.mx_6.7.0.202211181646\\db\/plugins/boardmanager/
2023-01-17 16:17:44,493 [INFO] ApiDb:260 - Set plugin images path to: C:\ST\STM32CubeIDE_1.11.0\STM32CubeIDE\plugins\com.st.stm32cube.common.mx_6.7.0.202211181646\\db\/plugins/mcufinder/images/
2023-01-17 16:17:44,493 [WARN] DbFile:40 - Overriding database path with different value: C:\Users\Jorn\.stmcufinder\plugins\mcufinder/ => C:\Users\Jorn\.stmcufinder\plugins\mcufinder
2023-01-17 16:17:44,494 [INFO] ApiDb:249 - Set database path to: C:\Users\Jorn\.stmcufinder\plugins\mcufinder//mcu/
2023-01-17 16:17:44,494 [WARN] DbFile:40 - Overriding database path with different value: C:\Users\Jorn\.stmcufinder\plugins\mcufinder/ => C:\Users\Jorn\.stmcufinder\plugins\mcufinder
2023-01-17 16:17:44,494 [INFO] DbMcusAds:124 - Set database path to: C:\Users\Jorn\.stmcufinder\plugins\mcufinder//mcu/
2023-01-17 16:17:44,494 [WARN] DbFile:40 - Overriding database path with different value: C:\Users\Jorn\.stmcufinder\plugins\mcufinder/ => C:\Users\Jorn\.stmcufinder\plugins\mcufinder
2023-01-17 16:17:44,494 [WARN] DbFile:40 - Overriding database path with different value: C:\Users\Jorn\.stmcufinder\plugins\mcufinder/ => C:\Users\Jorn\.stmcufinder\plugins\mcufinder
2023-01-17 16:17:44,495 [INFO] CrossReferenceDbSqlite:202 - Set database path to: C:\Users\Jorn\.stmcufinder\plugins\mcufinder//mcu/cs/
2023-01-17 16:17:44,513 [INFO] ApplicationProperties:181 - Using Application install path: C:\ST\STM32CubeIDE_1.11.0\STM32CubeIDE\plugins\com.st.stm32cube.common.mx_6.7.0.202211181646
2023-01-17 16:17:44,515 [INFO] PluginManage:193 - Search for loadable plugins [exclusion list=, ]
2023-01-17 16:17:44,520 [INFO] PluginManage:307 - Check plugin analytics
2023-01-17 16:17:44,698 [INFO] AnalyticsPlugin:262 - Accepted Software Licenses: 
2023-01-17 16:17:44,699 [INFO] AnalyticsPlugin:264 - Accepted CMSIS Pack Licenses: 
2023-01-17 16:17:44,699 [INFO] AnalyticsPlugin:266 - Accepted Firmware Licenses: 
2023-01-17 16:17:44,707 [INFO] PluginManage:356 - Loaded plugin analytics (category:tool,tabindex:-1)
2023-01-17 16:17:44,708 [INFO] PluginManage:307 - Check plugin cadmodel
2023-01-17 16:17:44,712 [INFO] CADModel:104 - Init CAD model plugin
2023-01-17 16:17:44,713 [INFO] PluginManage:356 - Loaded plugin cadmodel (category:power,tabindex:5)
2023-01-17 16:17:44,713 [INFO] PluginManage:307 - Check plugin clock
2023-01-17 16:17:44,724 [INFO] PluginManage:356 - Loaded plugin clock (category:base,tabindex:2)
2023-01-17 16:17:44,724 [INFO] PluginManage:307 - Check plugin ddr
2023-01-17 16:17:44,733 [INFO] PluginManage:356 - Loaded plugin ddr (category:tool,tabindex:6)
2023-01-17 16:17:44,733 [INFO] PluginManage:307 - Check plugin filemanager
2023-01-17 16:17:44,909 [INFO] PluginManage:356 - Loaded plugin filemanager (category:base,tabindex:10)
2023-01-17 16:17:44,910 [INFO] PluginManage:307 - Check plugin ipmanager
2023-01-17 16:17:44,918 [INFO] PluginManage:356 - Loaded plugin ipmanager (category:base,tabindex:5)
2023-01-17 16:17:44,919 [INFO] PluginManage:307 - Check plugin lpbam
2023-01-17 16:17:44,929 [INFO] PluginManage:356 - Loaded plugin lpbam (category:base,tabindex:0)
2023-01-17 16:17:44,929 [INFO] PluginManage:307 - Check plugin pinoutandconfiguration
2023-01-17 16:17:44,938 [INFO] PluginManage:356 - Loaded plugin pinoutandconfiguration (category:base,tabindex:1)
2023-01-17 16:17:44,939 [INFO] PluginManage:307 - Check plugin pinoutconfig
2023-01-17 16:17:44,981 [INFO] PluginManage:356 - Loaded plugin pinoutconfig (category:base,tabindex:0)
2023-01-17 16:17:44,982 [INFO] PluginManage:307 - Check plugin power
2023-01-17 16:17:44,992 [INFO] PluginManage:356 - Loaded plugin power (category:power,tabindex:4)
2023-01-17 16:17:44,992 [INFO] PluginManage:307 - Check plugin projectmanager
2023-01-17 16:17:45,063 [INFO] PluginManage:356 - Loaded plugin projectmanager (category:projectmanager,tabindex:3)
2023-01-17 16:17:45,063 [INFO] PluginManage:307 - Check plugin thirdparty
2023-01-17 16:17:45,258 [INFO] PluginManage:356 - Loaded plugin thirdparty (category:base,tabindex:-1)
2023-01-17 16:17:45,258 [INFO] PluginManage:307 - Check plugin tools
2023-01-17 16:17:45,260 [INFO] PluginManage:356 - Loaded plugin tools (category:base,tabindex:7)
2023-01-17 16:17:45,261 [INFO] PluginManage:307 - Check plugin tutovideos
2023-01-17 16:17:45,268 [WARN] IntegrityCheckThread:82 - waiting for thirdparty lock release [integrity check]
2023-01-17 16:17:45,270 [INFO] IntegrityCheckThread:84 - entering critical section [integrity check]
2023-01-17 16:17:45,273 [INFO] ThirdPartyUpdaterWithRetryManager:70 - Updater plugin not ready yet. [1/15]
2023-01-17 16:17:45,508 [INFO] PluginManage:356 - Loaded plugin tutovideos (category:base,tabindex:-1)
2023-01-17 16:17:45,509 [INFO] PluginManage:307 - Check plugin updater
2023-01-17 16:17:45,563 [INFO] PluginManage:356 - Loaded plugin updater (category:base,tabindex:12)
2023-01-17 16:17:45,563 [INFO] PluginManage:280 - PluginManage : Loaded plugins [15]
2023-01-17 16:17:45,839 [INFO] PinOutPanel:1477 - setPackage(No Configuration,No Configuration)
2023-01-17 16:17:45,923 [INFO] CADModel:164 - CPN selected for project level
2023-01-17 16:17:45,924 [INFO] CADModel:113 - Register for checkConnection events
2023-01-17 16:17:45,945 [INFO] IPUIPlugin:79 - create IPUIPlugin
2023-01-17 16:17:45,945 [INFO] PluginManager:219 - loadIPPluginJar : add adc
2023-01-17 16:17:45,948 [INFO] IPUIPlugin:79 - create IPUIPlugin
2023-01-17 16:17:45,949 [INFO] PluginManager:219 - loadIPPluginJar : add aes
2023-01-17 16:17:45,952 [INFO] IPUIPlugin:79 - create IPUIPlugin
2023-01-17 16:17:45,952 [INFO] PluginManager:219 - loadIPPluginJar : add can
2023-01-17 16:17:45,954 [INFO] IPUIPlugin:79 - create IPUIPlugin
2023-01-17 16:17:45,955 [INFO] PluginManager:219 - loadIPPluginJar : add comp
2023-01-17 16:17:45,965 [INFO] IPUIPlugin:79 - create IPUIPlugin
2023-01-17 16:17:45,965 [INFO] PluginManager:219 - loadIPPluginJar : add cryp
2023-01-17 16:17:45,968 [INFO] IPUIPlugin:79 - create IPUIPlugin
2023-01-17 16:17:45,969 [INFO] PluginManager:219 - loadIPPluginJar : add dfsdm
2023-01-17 16:17:45,975 [INFO] IPUIPlugin:79 - create IPUIPlugin
2023-01-17 16:17:45,976 [INFO] PluginManager:219 - loadIPPluginJar : add dma
2023-01-17 16:17:45,980 [INFO] IPUIPlugin:79 - create IPUIPlugin
2023-01-17 16:17:45,980 [INFO] PluginManager:219 - loadIPPluginJar : add dma3
2023-01-17 16:17:45,982 [INFO] IPUIPlugin:79 - create IPUIPlugin
2023-01-17 16:17:45,983 [INFO] PluginManager:219 - loadIPPluginJar : add fatfs
2023-01-17 16:17:45,988 [INFO] IPUIPlugin:79 - create IPUIPlugin
2023-01-17 16:17:45,989 [INFO] PluginManager:219 - loadIPPluginJar : add fmc
2023-01-17 16:17:45,996 [INFO] IPUIPlugin:79 - create IPUIPlugin
2023-01-17 16:17:45,996 [INFO] PluginManager:219 - loadIPPluginJar : add freertos
2023-01-17 16:17:45,998 [INFO] IPUIPlugin:79 - create IPUIPlugin
2023-01-17 16:17:45,998 [INFO] PluginManager:219 - loadIPPluginJar : add genericplugin
2023-01-17 16:17:46,001 [INFO] IPUIPlugin:79 - create IPUIPlugin
2023-01-17 16:17:46,001 [INFO] PluginManager:219 - loadIPPluginJar : add gfxmmu
2023-01-17 16:17:46,007 [INFO] IPUIPlugin:79 - create IPUIPlugin
2023-01-17 16:17:46,008 [INFO] PluginManager:219 - loadIPPluginJar : add gic
2023-01-17 16:17:46,013 [INFO] IPUIPlugin:79 - create IPUIPlugin
2023-01-17 16:17:46,014 [INFO] PluginManager:219 - loadIPPluginJar : add gpio
2023-01-17 16:17:46,017 [INFO] IPUIPlugin:79 - create IPUIPlugin
2023-01-17 16:17:46,018 [INFO] PluginManager:219 - loadIPPluginJar : add gtzc
2023-01-17 16:17:46,021 [INFO] IPUIPlugin:79 - create IPUIPlugin
2023-01-17 16:17:46,021 [INFO] PluginManager:219 - loadIPPluginJar : add hash
2023-01-17 16:17:46,024 [INFO] IPUIPlugin:79 - create IPUIPlugin
2023-01-17 16:17:46,024 [INFO] PluginManager:219 - loadIPPluginJar : add i2c
2023-01-17 16:17:46,028 [INFO] IPUIPlugin:79 - create IPUIPlugin
2023-01-17 16:17:46,028 [INFO] PluginManager:219 - loadIPPluginJar : add i2s
2023-01-17 16:17:46,031 [INFO] IPUIPlugin:79 - create IPUIPlugin
2023-01-17 16:17:46,032 [INFO] PluginManager:219 - loadIPPluginJar : add ipddr
2023-01-17 16:17:46,039 [INFO] IPUIPlugin:79 - create IPUIPlugin
2023-01-17 16:17:46,039 [INFO] PluginManager:219 - loadIPPluginJar : add linkedlist
2023-01-17 16:17:46,043 [INFO] IPUIPlugin:79 - create IPUIPlugin
2023-01-17 16:17:46,043 [INFO] PluginManager:219 - loadIPPluginJar : add lorawan
2023-01-17 16:17:46,045 [INFO] IPUIPlugin:79 - create IPUIPlugin
2023-01-17 16:17:46,045 [INFO] PluginManager:219 - loadIPPluginJar : add ltdc
2023-01-17 16:17:46,051 [INFO] IPUIPlugin:79 - create IPUIPlugin
2023-01-17 16:17:46,052 [INFO] PluginManager:219 - loadIPPluginJar : add mdma
2023-01-17 16:17:46,056 [INFO] IPUIPlugin:79 - create IPUIPlugin
2023-01-17 16:17:46,056 [INFO] PluginManager:219 - loadIPPluginJar : add nvic
2023-01-17 16:17:46,063 [INFO] IPUIPlugin:79 - create IPUIPlugin
2023-01-17 16:17:46,063 [INFO] PluginManager:219 - loadIPPluginJar : add opamp
2023-01-17 16:17:46,067 [INFO] IPUIPlugin:79 - create IPUIPlugin
2023-01-17 16:17:46,068 [INFO] PluginManager:219 - loadIPPluginJar : add openamp
2023-01-17 16:17:46,071 [INFO] IPUIPlugin:79 - create IPUIPlugin
2023-01-17 16:17:46,071 [INFO] PluginManager:219 - loadIPPluginJar : add pdm2pcm
2023-01-17 16:17:46,078 [INFO] IPUIPlugin:79 - create IPUIPlugin
2023-01-17 16:17:46,082 [INFO] PluginManager:219 - loadIPPluginJar : add plateformsettings
2023-01-17 16:17:46,084 [INFO] IPUIPlugin:79 - create IPUIPlugin
2023-01-17 16:17:46,084 [INFO] PluginManager:219 - loadIPPluginJar : add quadspi
2023-01-17 16:17:46,087 [INFO] IPUIPlugin:79 - create IPUIPlugin
2023-01-17 16:17:46,087 [INFO] PluginManager:219 - loadIPPluginJar : add resmgrutility
2023-01-17 16:17:46,090 [INFO] IPUIPlugin:79 - create IPUIPlugin
2023-01-17 16:17:46,090 [INFO] PluginManager:219 - loadIPPluginJar : add sai
2023-01-17 16:17:46,093 [INFO] IPUIPlugin:79 - create IPUIPlugin
2023-01-17 16:17:46,093 [INFO] PluginManager:219 - loadIPPluginJar : add spi
2023-01-17 16:17:46,097 [INFO] IPUIPlugin:79 - create IPUIPlugin
2023-01-17 16:17:46,097 [INFO] PluginManager:219 - loadIPPluginJar : add stm32_wpan
2023-01-17 16:17:46,099 [INFO] IPUIPlugin:79 - create IPUIPlugin
2023-01-17 16:17:46,099 [INFO] PluginManager:219 - loadIPPluginJar : add tim
2023-01-17 16:17:46,102 [INFO] IPUIPlugin:79 - create IPUIPlugin
2023-01-17 16:17:46,102 [INFO] PluginManager:219 - loadIPPluginJar : add touchsensing
2023-01-17 16:17:46,104 [INFO] IPUIPlugin:79 - create IPUIPlugin
2023-01-17 16:17:46,104 [INFO] PluginManager:219 - loadIPPluginJar : add tracer_emb
2023-01-17 16:17:46,107 [INFO] IPUIPlugin:79 - create IPUIPlugin
2023-01-17 16:17:46,107 [INFO] PluginManager:219 - loadIPPluginJar : add ts
2023-01-17 16:17:46,110 [INFO] IPUIPlugin:79 - create IPUIPlugin
2023-01-17 16:17:46,110 [INFO] PluginManager:219 - loadIPPluginJar : add tsc
2023-01-17 16:17:46,112 [INFO] IPUIPlugin:79 - create IPUIPlugin
2023-01-17 16:17:46,112 [INFO] PluginManager:219 - loadIPPluginJar : add ucpd
2023-01-17 16:17:46,116 [INFO] IPUIPlugin:79 - create IPUIPlugin
2023-01-17 16:17:46,116 [INFO] PluginManager:219 - loadIPPluginJar : add usart
2023-01-17 16:17:46,121 [INFO] IPUIPlugin:79 - create IPUIPlugin
2023-01-17 16:17:46,121 [INFO] PluginManager:219 - loadIPPluginJar : add usbx
2023-01-17 16:17:46,253 [INFO] CADModel:164 - CPN selected for project level
2023-01-17 16:17:46,254 [INFO] CADModel:113 - Register for checkConnection events
2023-01-17 16:17:46,254 [FATAL] Updater:308 - Updater called before beeing initialized
2023-01-17 16:17:46,254 [ERROR] CADModel:124 - Updater not yet initialized, retry later 
2023-01-17 16:17:46,408 [INFO] CADModel:164 - CPN selected for project level
2023-01-17 16:17:46,408 [INFO] CADModel:113 - Register for checkConnection events
2023-01-17 16:17:46,408 [FATAL] Updater:308 - Updater called before beeing initialized
2023-01-17 16:17:46,408 [ERROR] CADModel:124 - Updater not yet initialized, retry later 
2023-01-17 16:17:46,412 [FATAL] Updater:308 - Updater called before beeing initialized
2023-01-17 16:17:46,553 [FATAL] Updater:308 - Updater called before beeing initialized
2023-01-17 16:17:46,563 [INFO] DbMcusAds:52 - JSON generation date=Thu Sep 30 08:55:09 CEST 2021 (1632984909377)
2023-01-17 16:17:46,563 [FATAL] Updater:308 - Updater called before beeing initialized
2023-01-17 16:17:46,622 [WARN] DetailPanel:344 - Failed to get advertising image, set to default
2023-01-17 16:17:46,766 [FATAL] Updater:308 - Updater called before beeing initialized
2023-01-17 16:17:46,768 [FATAL] Updater:308 - Updater called before beeing initialized
2023-01-17 16:17:46,768 [FATAL] Updater:308 - Updater called before beeing initialized
2023-01-17 16:17:46,768 [WARN] DetailPanel:344 - Failed to get advertising image, set to default
2023-01-17 16:17:46,769 [FATAL] Updater:308 - Updater called before beeing initialized
2023-01-17 16:17:46,831 [ERROR] Updater:1120 - MainUpdater not yet initialized. External WinMGr cannot be set.
2023-01-17 16:17:46,833 [INFO] Updater:1056 - Updater Version found : 6.7.0
2023-01-17 16:17:46,849 [INFO] ApplicationProperties:181 - Using Application install path: C:\ST\STM32CubeIDE_1.11.0\STM32CubeIDE\plugins\com.st.stm32cube.common.mx_6.7.0.202211181646
2023-01-17 16:17:47,050 [INFO] MainUpdater:2800 - connection check result : 10
2023-01-17 16:17:47,051 [INFO] MainUpdater:282 - Updater Check For Update Now.
2023-01-17 16:17:47,052 [INFO] MicroXplorer:481 - Change Database Version : DB.6.0.70
2023-01-17 16:17:47,223 [INFO] CheckServerUpdateThread:119 - End of CheckServer Thread
2023-01-17 16:17:47,266 [INFO] MainUpdater:2800 - connection check result : 10
2023-01-17 16:17:48,105 [INFO] ApiDb:580 - Connected to CubeFinder SQLite database (C:\Users\Jorn\.stmcufinder\plugins\mcufinder\mcu\cube-finder-db.db)
2023-01-17 16:17:48,170 [INFO] ApiDb:667 - CubeFinder database Data Model version=2.1
2023-01-17 16:17:48,170 [INFO] ApiDb:668 - CubeFinder database Configuration version=3.0.35
2023-01-17 16:17:48,171 [INFO] ApiDb:669 - CubeFinder database generation date=2022-12-20 (1671519758)
2023-01-17 16:17:48,171 [INFO] ApiDb:670 - CubeFinder database FW Pack versions=[FP-ATR-ASTRA1_V1.1.1, STM32Cube_FW_C0_V1.0.0, STM32Cube_FW_F4_V1.27.1, STM32Cube_FW_F7_V1.17.0, STM32Cube_FW_G0_V1.6.1, STM32Cube_FW_G4_V1.5.0, STM32Cube_FW_H5_V0.5.1, STM32Cube_FW_H7_V1.11.0, STM32Cube_FW_L5_V1.5.0, STM32Cube_FW_U5_V1.1.1, STM32Cube_FW_WBA_V0.2.0, STM32Cube_FW_WB_V1.15.0, STM32Cube_FW_WB_V1.15.0RC1, STM32Cube_FW_WL_V1.3.0, X-CUBE-ALGOBUILD_V1.3.0, X-CUBE-ALS_V1.0.1, X-CUBE-AZRTOS-F4_V1.1.0, X-CUBE-AZRTOS-F7_V1.1.0, X-CUBE-AZRTOS-G0_V1.1.0, X-CUBE-AZRTOS-G4_V1.0.0, X-CUBE-AZRTOS-H7_V2.1.0, X-CUBE-AZRTOS-L4_V1.0.0, X-CUBE-AZRTOS-L5_V1.0.0, X-CUBE-AZRTOS-WL_V1.0.0, X-CUBE-BLE1_V6.2.4, X-CUBE-BLE2_V3.3.0, X-CUBE-BLEMGR_V1.3.0, X-CUBE-EEPRMA1_V4.1.0, X-CUBE-GNSS1_V6.0.0, X-CUBE-MEMS1_V9.1.0, X-CUBE-MEMS1_V9.3.0, X-CUBE-MEMS1_V9.4.0, X-CUBE-NFC4_V2.0.5, X-CUBE-NFC7_V1.0.0, X-CUBE-SFXS2LP1_V4.0.0, X-CUBE-SUBG2_V5.0.0]
2023-01-17 16:17:48,496 [WARN] PackLoader:242 - Cannot read IP mode file for STMicroelectronics.X-CUBE-GNSS1.6.0.0
2023-01-17 16:17:48,531 [WARN] PackLoader:242 - Cannot read IP mode file for STMicroelectronics.X-CUBE-AZRTOS-F4.1.1.0
2023-01-17 16:17:48,673 [WARN] PackLoader:242 - Cannot read IP mode file for STMicroelectronics.X-CUBE-AZRTOS-F7.1.1.0
2023-01-17 16:17:48,685 [WARN] PackLoader:242 - Cannot read IP mode file for STMicroelectronics.X-CUBE-BLE1.6.2.4
2023-01-17 16:17:48,708 [WARN] PackLoader:242 - Cannot read IP mode file for emotas.I-CUBE-CANOPEN.1.1.3
2023-01-17 16:17:48,716 [WARN] PackLoader:242 - Cannot read IP mode file for wolfSSL.I-CUBE-wolfSSL.5.5.4
2023-01-17 16:17:48,722 [WARN] PackLoader:242 - Cannot read IP mode file for STMicroelectronics.X-CUBE-NFC7.1.0.0
2023-01-17 16:17:48,730 [WARN] PackLoader:242 - Cannot read IP mode file for STMicroelectronics.X-CUBE-EEPRMA1.4.1.0
2023-01-17 16:17:48,739 [WARN] PackLoader:242 - Cannot read IP mode file for STMicroelectronics.X-CUBE-SFXS2LP1.4.0.0
2023-01-17 16:17:48,748 [WARN] PackLoader:242 - Cannot read IP mode file for STMicroelectronics.X-CUBE-BLE2.3.3.0
2023-01-17 16:17:48,755 [WARN] PackLoader:242 - Cannot read IP mode file for STMicroelectronics.X-CUBE-DISPLAY.2.2.0
2023-01-17 16:17:48,802 [WARN] PackLoader:242 - Cannot read IP mode file for STMicroelectronics.X-CUBE-TOF1.3.2.0
2023-01-17 16:17:48,850 [WARN] PackLoader:242 - Cannot read IP mode file for STMicroelectronics.X-CUBE-AZRTOS-H7.3.0.0
2023-01-17 16:17:48,858 [WARN] PackLoader:242 - Cannot read IP mode file for STMicroelectronics.X-CUBE-ISPU.1.1.0
2023-01-17 16:17:48,871 [WARN] PackLoader:242 - Cannot read IP mode file for RoweBots.I-CUBE-UNISONRTOS.5.5.0-4
2023-01-17 16:17:48,876 [WARN] PackLoader:242 - Cannot read IP mode file for STMicroelectronics.X-CUBE-TOUCHGFX.4.21.0
2023-01-17 16:17:48,917 [WARN] PackLoader:242 - Cannot read IP mode file for STMicroelectronics.X-CUBE-MEMS1.9.4.0
2023-01-17 16:17:49,177 [WARN] PackLoader:242 - Cannot read IP mode file for STMicroelectronics.X-CUBE-AI.7.3.0
2023-01-17 16:17:49,183 [WARN] PackLoader:242 - Cannot read IP mode file for STMicroelectronics.X-CUBE-ALGOBUILD.1.3.0
2023-01-17 16:17:49,197 [WARN] PackLoader:242 - Cannot read IP mode file for STMicroelectronics.X-CUBE-AZRTOS-L5.1.1.0
2023-01-17 16:17:49,213 [WARN] PackLoader:242 - Cannot read IP mode file for STMicroelectronics.X-CUBE-AZRTOS-G0.1.1.0
2023-01-17 16:17:49,224 [WARN] PackLoader:242 - Cannot read IP mode file for STMicroelectronics.X-CUBE-SUBG2.5.0.0
2023-01-17 16:17:49,266 [WARN] PackLoader:242 - Cannot read IP mode file for STMicroelectronics.X-CUBE-NFC4.3.0.0
2023-01-17 16:17:49,270 [WARN] PackLoader:242 - Cannot read IP mode file for STMicroelectronics.FP-ATR-ASTRA1.1.1.1
2023-01-17 16:17:49,278 [WARN] PackLoader:242 - Cannot read IP mode file for STMicroelectronics.X-CUBE-BLEMGR.1.3.0
2023-01-17 16:17:49,291 [WARN] PackLoader:242 - Cannot read IP mode file for STMicroelectronics.X-CUBE-AZRTOS-G4.1.0.0
2023-01-17 16:17:49,296 [WARN] PackLoader:242 - Cannot read IP mode file for STMicroelectronics.FP-ATR-SIGFOX1.3.2.0
2023-01-17 16:17:49,313 [WARN] PackLoader:242 - Cannot read IP mode file for STMicroelectronics.X-CUBE-AZRTOS-L4.1.0.0
2023-01-17 16:17:49,326 [WARN] PackLoader:242 - Cannot read IP mode file for STMicroelectronics.X-CUBE-AZRTOS-WL.1.0.0
2023-01-17 16:17:49,333 [WARN] PackLoader:242 - Cannot read IP mode file for portGmbH.I-Cube-SoM-uGOAL.1.1.0
2023-01-17 16:17:49,336 [WARN] PackLoader:242 - Cannot read IP mode file for STMicroelectronics.X-CUBE-ALS.1.0.1
2023-01-17 16:17:49,351 [WARN] PackLoader:242 - Cannot read IP mode file for STMicroelectronics.X-CUBE-AZRTOS-WB.1.1.0
2023-01-17 16:17:49,408 [WARN] PackLoader:242 - Cannot read IP mode file for SEGGER.I-CUBE-embOS.1.3.0
2023-01-17 16:17:49,492 [INFO] ThirdParty:947 - Integrity check success = true
2023-01-17 16:17:49,492 [INFO] IntegrityCheckThread:98 - exiting critical section [integrity check]
2023-01-17 16:17:49,493 [INFO] IntegrityCheckThread:101 - End integrity checks thread
2023-01-17 16:17:51,184 [INFO] ApiDb:239 - Found 143 in-development CPN: [B-WB1M-WPAN1, B-WL5M-SUBG1, NUCLEO-C031C6, STEVAL-PROTEUS1, STEVAL-STWINBX1, STM320518-EVAL, STM32C0116-DK, STM32C011D6Y3TR, STM32C011D6Y6TR, STM32C011F4P3, STM32C011F4P6, STM32C011F4U3, STM32C011F4U6TR, STM32C011F6P3, STM32C011F6P6, STM32C011F6U3, STM32C011F6U6TR, STM32C011J4M3, STM32C011J4M6, STM32C011J6M3, STM32C011J6M6, STM32C0316-DK, STM32C031C4T3, STM32C031C4T6, STM32C031C4U3, STM32C031C4U6, STM32C031C6T3, STM32C031C6T6, STM32C031C6U3, STM32C031C6U6, STM32C031F4P3, STM32C031F4P6, STM32C031F6P3, STM32C031F6P6, STM32C031G4U3, STM32C031G4U6, STM32C031G6U3, STM32C031G6U6, STM32C031K4T3, STM32C031K4T6, STM32C031K4U3, STM32C031K4U6, STM32C031K6T3, STM32C031K6T6, STM32C031K6U3, STM32C031K6U6, STM32G071K8TXN, STM32G071K8UXN, STM32G081GBU6N, STM32G081KBT6N, STM32G081KBUXN, STM32G0B1CCT6N, STM32G0B1KCT6, STM32G0B1NEY6TR, STM32G0B1RCT6N, STM32G0C1CCT6, STM32G0C1CCT6N, STM32G0C1CCU6N, STM32G0C1CET6N, STM32G0C1CEU6N, STM32G0C1KCT6, STM32G0C1NEY6TR, STM32G0C1RCI6N, STM32G0C1RCT6N, STM32G0C1REI6N, STM32G0C1RET6N, STM32G0C1VCI6, STM32G0C1VEI6, STM32G471CCT6, STM32G471CCU6, STM32G471CET3, STM32G471CET6, STM32G471CEU3, STM32G471CEU6, STM32G471MCT6, STM32G471MET3, STM32G471MET6, STM32G471MEY6TR, STM32G471QCT6, STM32G471QET3, STM32G471RCT6, STM32G471RET3, STM32G471RET6, STM32G471VCH6, STM32G471VCI6, STM32G471VCT6, STM32G471VEH3, STM32G471VEH6, STM32G471VEI3, STM32G471VEI6, STM32G471VET3, STM32G471VET6, STM32G474CCT6, STM32L476VGY6PTR, STM32L4R5QGI6STR, STM32MP131AAE3, STM32MP131AAF3, STM32MP131AAG3, STM32MP131CAE3, STM32MP131CAF3, STM32MP131CAG3, STM32MP131DAE7, STM32MP131DAF7, STM32MP131DAG7, STM32MP131FAE7, STM32MP131FAF7, STM32MP131FAG7, STM32MP133AAE3, STM32MP133AAF3, STM32MP133AAG3, STM32MP133CAE3, STM32MP133CAF3, STM32MP133CAG3, STM32MP133DAE7, STM32MP133DAF7, STM32MP133DAG7, STM32MP133FAE7, STM32MP133FAF7, STM32MP133FAG7, STM32MP135AAE3, STM32MP135AAF3, STM32MP135AAG3, STM32MP135CAE3, STM32MP135CAF3, STM32MP135CAG3, STM32MP135DAE7, STM32MP135DAF7, STM32MP135DAG7, STM32MP135F-DK, STM32MP135FAE7, STM32MP135FAF7, STM32MP135FAF7T, STM32MP135FAF7U, STM32MP135FAG7, STM32U595ZJT6Q, STM32U599BJY6QTR, STM32U599NIH6Q, STM32U599NJH6Q, STM32U5A5ZJT6Q, STM32U5A9BJY6QTR, STM32U5A9NJH6Q, STM32WB1MMCH6, STM32WL5MOCH6TR]
2023-01-17 16:17:51,189 [INFO] DbMcus:215 - Found 3582 MCUs, 3582 are supported
2023-01-17 16:17:51,192 [INFO] ApiDb:422 - Load user favorites file C:\Users\Jorn/.stm32cubeide/favorites.mcus.txt: 0 item(s)
2023-01-17 16:17:51,192 [INFO] ApiDb:426 - User favorites MCUs=[]
2023-01-17 16:17:51,192 [INFO] DbMcus:221 - Set 0 / 0 favorites MCUs
2023-01-17 16:17:51,410 [INFO] McuFinderGlobals:65 - Set McuFinderConnectedMode to true
2023-01-17 16:17:51,417 [INFO] MultiScanPanel:196 - Auto-refresh data requested => check proxy status ongoing
2023-01-17 16:17:51,421 [INFO] FinderPluginLoader:92 - Searching for filters in installed packs
2023-01-17 16:17:53,118 [INFO] LoadUrlFilesThread:179 - End of LoadServerUrlFiles without Thread
2023-01-17 16:17:53,152 [INFO] DetailPanel:339 - Set advertising image to C:/Users/Jorn/STM32Cube/Repository/\en.Prom_NBSTM32U50921.jpg
2023-01-17 16:17:54,052 [INFO] ApiDb:667 - CubeFinder database Data Model version=2.1
2023-01-17 16:17:54,052 [INFO] ApiDb:668 - CubeFinder database Configuration version=3.0.35
2023-01-17 16:17:54,052 [INFO] ApiDb:669 - CubeFinder database generation date=2022-12-20 (1671519758)
2023-01-17 16:17:54,052 [INFO] ApiDb:670 - CubeFinder database FW Pack versions=[FP-ATR-ASTRA1_V1.1.1, STM32Cube_FW_C0_V1.0.0, STM32Cube_FW_F4_V1.27.1, STM32Cube_FW_F7_V1.17.0, STM32Cube_FW_G0_V1.6.1, STM32Cube_FW_G4_V1.5.0, STM32Cube_FW_H5_V0.5.1, STM32Cube_FW_H7_V1.11.0, STM32Cube_FW_L5_V1.5.0, STM32Cube_FW_U5_V1.1.1, STM32Cube_FW_WBA_V0.2.0, STM32Cube_FW_WB_V1.15.0, STM32Cube_FW_WB_V1.15.0RC1, STM32Cube_FW_WL_V1.3.0, X-CUBE-ALGOBUILD_V1.3.0, X-CUBE-ALS_V1.0.1, X-CUBE-AZRTOS-F4_V1.1.0, X-CUBE-AZRTOS-F7_V1.1.0, X-CUBE-AZRTOS-G0_V1.1.0, X-CUBE-AZRTOS-G4_V1.0.0, X-CUBE-AZRTOS-H7_V2.1.0, X-CUBE-AZRTOS-L4_V1.0.0, X-CUBE-AZRTOS-L5_V1.0.0, X-CUBE-AZRTOS-WL_V1.0.0, X-CUBE-BLE1_V6.2.4, X-CUBE-BLE2_V3.3.0, X-CUBE-BLEMGR_V1.3.0, X-CUBE-EEPRMA1_V4.1.0, X-CUBE-GNSS1_V6.0.0, X-CUBE-MEMS1_V9.1.0, X-CUBE-MEMS1_V9.3.0, X-CUBE-MEMS1_V9.4.0, X-CUBE-NFC4_V2.0.5, X-CUBE-NFC7_V1.0.0, X-CUBE-SFXS2LP1_V4.0.0, X-CUBE-SUBG2_V5.0.0]
2023-01-17 16:17:54,143 [INFO] DbBoardsSqlite:225 - include board P-NUCLEO-WB55-NUCLEO as a kit item of type 'Nucleo-64'
2023-01-17 16:17:54,144 [INFO] DbBoardsSqlite:225 - include board P-NUCLEO-WB55-USBDONGLE as a kit item of type 'Nucleo USB Dongle'
2023-01-17 16:17:54,144 [INFO] DbBoardsSqlite:225 - include board STEVAL-IDP005V1 as a kit item of type 'Evaluation Board'
2023-01-17 16:17:54,145 [INFO] DbBoardsSqlite:225 - include board STEVAL-IDP005V2 as a kit item of type 'Evaluation Board'
2023-01-17 16:17:54,210 [INFO] ApiDb:239 - Found 143 in-development CPN: [B-WB1M-WPAN1, B-WL5M-SUBG1, NUCLEO-C031C6, STEVAL-PROTEUS1, STEVAL-STWINBX1, STM320518-EVAL, STM32C0116-DK, STM32C011D6Y3TR, STM32C011D6Y6TR, STM32C011F4P3, STM32C011F4P6, STM32C011F4U3, STM32C011F4U6TR, STM32C011F6P3, STM32C011F6P6, STM32C011F6U3, STM32C011F6U6TR, STM32C011J4M3, STM32C011J4M6, STM32C011J6M3, STM32C011J6M6, STM32C0316-DK, STM32C031C4T3, STM32C031C4T6, STM32C031C4U3, STM32C031C4U6, STM32C031C6T3, STM32C031C6T6, STM32C031C6U3, STM32C031C6U6, STM32C031F4P3, STM32C031F4P6, STM32C031F6P3, STM32C031F6P6, STM32C031G4U3, STM32C031G4U6, STM32C031G6U3, STM32C031G6U6, STM32C031K4T3, STM32C031K4T6, STM32C031K4U3, STM32C031K4U6, STM32C031K6T3, STM32C031K6T6, STM32C031K6U3, STM32C031K6U6, STM32G071K8TXN, STM32G071K8UXN, STM32G081GBU6N, STM32G081KBT6N, STM32G081KBUXN, STM32G0B1CCT6N, STM32G0B1KCT6, STM32G0B1NEY6TR, STM32G0B1RCT6N, STM32G0C1CCT6, STM32G0C1CCT6N, STM32G0C1CCU6N, STM32G0C1CET6N, STM32G0C1CEU6N, STM32G0C1KCT6, STM32G0C1NEY6TR, STM32G0C1RCI6N, STM32G0C1RCT6N, STM32G0C1REI6N, STM32G0C1RET6N, STM32G0C1VCI6, STM32G0C1VEI6, STM32G471CCT6, STM32G471CCU6, STM32G471CET3, STM32G471CET6, STM32G471CEU3, STM32G471CEU6, STM32G471MCT6, STM32G471MET3, STM32G471MET6, STM32G471MEY6TR, STM32G471QCT6, STM32G471QET3, STM32G471RCT6, STM32G471RET3, STM32G471RET6, STM32G471VCH6, STM32G471VCI6, STM32G471VCT6, STM32G471VEH3, STM32G471VEH6, STM32G471VEI3, STM32G471VEI6, STM32G471VET3, STM32G471VET6, STM32G474CCT6, STM32L476VGY6PTR, STM32L4R5QGI6STR, STM32MP131AAE3, STM32MP131AAF3, STM32MP131AAG3, STM32MP131CAE3, STM32MP131CAF3, STM32MP131CAG3, STM32MP131DAE7, STM32MP131DAF7, STM32MP131DAG7, STM32MP131FAE7, STM32MP131FAF7, STM32MP131FAG7, STM32MP133AAE3, STM32MP133AAF3, STM32MP133AAG3, STM32MP133CAE3, STM32MP133CAF3, STM32MP133CAG3, STM32MP133DAE7, STM32MP133DAF7, STM32MP133DAG7, STM32MP133FAE7, STM32MP133FAF7, STM32MP133FAG7, STM32MP135AAE3, STM32MP135AAF3, STM32MP135AAG3, STM32MP135CAE3, STM32MP135CAF3, STM32MP135CAG3, STM32MP135DAE7, STM32MP135DAF7, STM32MP135DAG7, STM32MP135F-DK, STM32MP135FAE7, STM32MP135FAF7, STM32MP135FAF7T, STM32MP135FAF7U, STM32MP135FAG7, STM32U595ZJT6Q, STM32U599BJY6QTR, STM32U599NIH6Q, STM32U599NJH6Q, STM32U5A5ZJT6Q, STM32U5A9BJY6QTR, STM32U5A9NJH6Q, STM32WB1MMCH6, STM32WL5MOCH6TR]
2023-01-17 16:17:54,384 [INFO] BoardInfo:879 - No configuration file found for board P-NUCLEO-WB55
2023-01-17 16:17:54,385 [INFO] DbBoards:156 - Kit is not supported: P-NUCLEO-WB55
2023-01-17 16:17:54,390 [INFO] BoardInfo:879 - No configuration file found for board STEVAL-BFA001V1B
2023-01-17 16:17:54,390 [INFO] DbBoards:156 - Kit is not supported: STEVAL-BFA001V1B
2023-01-17 16:17:54,391 [INFO] BoardInfo:879 - No configuration file found for board STEVAL-BFA001V2B
2023-01-17 16:17:54,392 [INFO] DbBoards:156 - Kit is not supported: STEVAL-BFA001V2B
2023-01-17 16:17:54,525 [INFO] DbBoards:160 - Found 179 boards, 176 are supported
2023-01-17 16:17:54,533 [INFO] ApiDb:413 - User favorites file not found: C:\Users\Jorn/.stm32cubeide/favorites.boards.txt
2023-01-17 16:17:54,533 [INFO] DbBoards:189 - Set 0 / 0 favorites Boards
2023-01-17 16:18:04,127 [ERROR] LogOutputStream:74 - [STDERR_REDIRECT] SLF4J: Failed to load class "org.slf4j.impl.StaticLoggerBinder".
2023-01-17 16:18:04,128 [ERROR] LogOutputStream:74 - [STDERR_REDIRECT] SLF4J: Defaulting to no-operation (NOP) logger implementation
2023-01-17 16:18:04,130 [ERROR] LogOutputStream:74 - [STDERR_REDIRECT] SLF4J: See http://www.slf4j.org/codes.html#StaticLoggerBinder for further details.
2023-01-17 16:19:23,176 [INFO] MainUpdater:2800 - connection check result : 10
2023-01-17 16:19:23,177 [INFO] MainUpdater:2800 - connection check result : 10
2023-01-17 16:19:23,209 [INFO] MicroXplorer:451 - Change Database Path : 
2023-01-17 16:19:23,211 [INFO] MicroXplorer:481 - Change Database Version : DB.6.0.70
2023-01-17 16:19:23,225 [WARN] ThirdParty:845 - waiting for thirdparty lock release [close project]
2023-01-17 16:19:23,226 [INFO] ThirdParty:847 - entering critical section [close project]
2023-01-17 16:19:23,227 [INFO] ThirdParty:857 - exiting critical section [close project]
2023-01-17 16:19:23,233 [INFO] PinOutPanel:1477 - setPackage(No Configuration,No Configuration)
2023-01-17 16:19:23,240 [INFO] UtilMem:74 - Begin LoadConfig() Used Memory: 213888768 Bytes (365953024)
2023-01-17 16:19:23,242 [INFO] MicroXplorer:451 - Change Database Path : 
2023-01-17 16:19:23,242 [INFO] MicroXplorer:481 - Change Database Version : DB.6.0.70
2023-01-17 16:19:23,242 [INFO] OpenFileManager:307 - Change cursor
2023-01-17 16:19:23,336 [INFO] Mcu:1925 - Initializing MCU STM32F030C6Tx STM32F030C6Tx 
2023-01-17 16:19:23,337 [INFO] Mcu:1938 - No CPN specified => set CPN to STM32F030C6T6
2023-01-17 16:19:24,660 [INFO] Context:654 - Trying to add GPIOservice into a context  which must be forbidden
2023-01-17 16:19:24,965 [INFO] ImportTextPane:193 - (OptionalMessage_ERROR) Unable to find key (Mcu.ThirdPartyNb) in loaded IOC file
2023-01-17 16:19:24,965 [INFO] ImportTextPane:193 - (OptionalMessage_ERROR) Unable to find key (Mcu.PinsNb) in loaded IOC file
2023-01-17 16:19:24,965 [INFO] ImportTextPane:193 - (OptionalMessage_ERROR) Unable to find key (Mcu.IPNb) in loaded IOC file
2023-01-17 16:19:25,327 [INFO] RtosManager:489 - Registered RTOS mode: class=CMSIS, group=RTOS, mode=CMSIS_V1, owner=FREERTOS
2023-01-17 16:19:25,328 [INFO] RtosManager:489 - Registered RTOS mode: class=CMSIS, group=RTOS2, mode=CMSIS_V2, owner=FREERTOS
2023-01-17 16:19:25,328 [INFO] RtosManager:489 - Registered RTOS mode: class=RTOS, group=Core, mode=CMSIS_V1, owner=FREERTOS
2023-01-17 16:19:25,328 [INFO] RtosManager:489 - Registered RTOS mode: class=RTOS, group=Core, mode=CMSIS_V2, owner=FREERTOS
2023-01-17 16:19:25,329 [WARN] ModelIntegratedComponent:185 - Missing modes for component STMicroelectronics:FreeRTOS:0.0.1:STMicroelectronics:RTOS:FreeRTOS:Core:::10.2.0:
2023-01-17 16:19:25,341 [WARN] ModelIntegratedComponent:64 - No mode defined for component null
2023-01-17 16:19:25,341 [WARN] ModelIntegratedComponent:64 - No mode defined for component null
2023-01-17 16:19:25,341 [WARN] ModelIntegratedComponent:64 - No mode defined for component null
2023-01-17 16:19:25,341 [WARN] ModelIntegratedComponent:64 - No mode defined for component null
2023-01-17 16:19:25,341 [WARN] ModelIntegratedComponent:64 - No mode defined for component null
2023-01-17 16:19:25,341 [WARN] ModelIntegratedComponent:64 - No mode defined for component null
2023-01-17 16:19:25,341 [WARN] ModelIntegratedComponent:64 - No mode defined for component null
2023-01-17 16:19:25,342 [WARN] ModelIntegratedComponent:64 - No mode defined for component null
2023-01-17 16:19:25,342 [WARN] ModelIntegratedComponent:64 - No mode defined for component null
2023-01-17 16:19:25,342 [WARN] ModelIntegratedComponent:64 - No mode defined for component null
2023-01-17 16:19:25,342 [WARN] ModelIntegratedComponent:64 - No mode defined for component null
2023-01-17 16:19:25,342 [WARN] ModelIntegratedComponent:64 - No mode defined for component null
2023-01-17 16:19:25,342 [WARN] ModelIntegratedComponent:64 - No mode defined for component null
2023-01-17 16:19:25,342 [WARN] ModelIntegratedComponent:64 - No mode defined for component null
2023-01-17 16:19:25,342 [WARN] ModelIntegratedComponent:64 - No mode defined for component null
2023-01-17 16:19:25,342 [WARN] ModelIntegratedComponent:64 - No mode defined for component null
2023-01-17 16:19:25,342 [WARN] ModelIntegratedComponent:64 - No mode defined for component null
2023-01-17 16:19:25,342 [WARN] ModelIntegratedComponent:64 - No mode defined for component null
2023-01-17 16:19:25,343 [WARN] ModelIntegratedComponent:64 - No mode defined for component null
2023-01-17 16:19:25,343 [WARN] ModelIntegratedComponent:64 - No mode defined for component null
2023-01-17 16:19:25,343 [WARN] ModelIntegratedComponent:64 - No mode defined for component null
2023-01-17 16:19:25,343 [WARN] ModelIntegratedComponent:64 - No mode defined for component null
2023-01-17 16:19:25,343 [WARN] ModelIntegratedComponent:64 - No mode defined for component null
2023-01-17 16:19:25,343 [WARN] ModelIntegratedComponent:64 - No mode defined for component null
2023-01-17 16:19:25,343 [WARN] ModelIntegratedComponent:64 - No mode defined for component null
2023-01-17 16:19:25,343 [WARN] ModelIntegratedComponent:64 - No mode defined for component null
2023-01-17 16:19:25,343 [WARN] ModelIntegratedComponent:64 - No mode defined for component null
2023-01-17 16:19:25,343 [WARN] ModelIntegratedComponent:64 - No mode defined for component null
2023-01-17 16:19:25,343 [WARN] ModelIntegratedComponent:64 - No mode defined for component null
2023-01-17 16:19:25,343 [WARN] ModelIntegratedComponent:64 - No mode defined for component null
2023-01-17 16:19:25,343 [WARN] ModelIntegratedComponent:64 - No mode defined for component null
2023-01-17 16:19:25,344 [WARN] ModelIntegratedComponent:64 - No mode defined for component null
2023-01-17 16:19:25,344 [WARN] ModelIntegratedComponent:64 - No mode defined for component null
2023-01-17 16:19:25,367 [INFO] ThirdPartyModel:294 - Start build external matchings
2023-01-17 16:19:25,989 [INFO] ThirdPartyModel:310 - End build external matchings
2023-01-17 16:19:26,271 [INFO] UtilMem:74 - End LoadConfig() Used Memory: 188654584 Bytes (365953024)
2023-01-17 16:19:26,291 [WARN] ThirdParty:807 - waiting for thirdparty lock release [change project]
2023-01-17 16:19:26,291 [INFO] ThirdParty:809 - entering critical section [change project]
2023-01-17 16:19:26,291 [INFO] ThirdParty:999 - CMSIS Pack Vendor :STMicroelectronics X-CUBE-ISPU 1.1.0
2023-01-17 16:19:26,292 [INFO] ThirdParty:999 - CMSIS Pack Vendor :RoweBots I-CUBE-UNISONRTOS 5.5.0-4
2023-01-17 16:19:26,292 [INFO] ThirdParty:999 - CMSIS Pack Vendor :STMicroelectronics X-CUBE-GNSS1 6.0.0
2023-01-17 16:19:26,292 [INFO] ThirdParty:999 - CMSIS Pack Vendor :STMicroelectronics USB_HOST 2.0.0
2023-01-17 16:19:26,292 [INFO] ThirdParty:999 - CMSIS Pack Vendor :STMicroelectronics X-CUBE-AZRTOS-F4 1.1.0
2023-01-17 16:19:26,292 [INFO] ThirdParty:999 - CMSIS Pack Vendor :STMicroelectronics LIBJPEG 8.0.0
2023-01-17 16:19:26,292 [INFO] ThirdParty:999 - CMSIS Pack Vendor :STMicroelectronics USB_DEVICE 3.0.0
2023-01-17 16:19:26,292 [INFO] ThirdParty:999 - CMSIS Pack Vendor :STMicroelectronics X-CUBE-TOUCHGFX 4.21.0
2023-01-17 16:19:26,292 [INFO] ThirdParty:999 - CMSIS Pack Vendor :STMicroelectronics X-CUBE-AZRTOS-F7 1.1.0
2023-01-17 16:19:26,292 [INFO] ThirdParty:999 - CMSIS Pack Vendor :STMicroelectronics X-CUBE-MEMS1 9.4.0
2023-01-17 16:19:26,292 [INFO] ThirdParty:999 - CMSIS Pack Vendor :STMicroelectronics USB_DEVICE 2.0.0
2023-01-17 16:19:26,292 [INFO] ThirdParty:999 - CMSIS Pack Vendor :STMicroelectronics X-CUBE-AI 7.3.0
2023-01-17 16:19:26,294 [INFO] ThirdParty:999 - CMSIS Pack Vendor :STMicroelectronics X-CUBE-ALGOBUILD 1.3.0
2023-01-17 16:19:26,299 [INFO] ThirdParty:999 - CMSIS Pack Vendor :STMicroelectronics X-CUBE-BLE1 6.2.4
2023-01-17 16:19:26,300 [INFO] ThirdParty:999 - CMSIS Pack Vendor :STMicroelectronics X-CUBE-AZRTOS-L5 1.1.0
2023-01-17 16:19:26,300 [INFO] ThirdParty:999 - CMSIS Pack Vendor :STMicroelectronics FreeRTOS 0.0.1
2023-01-17 16:19:26,300 [INFO] ThirdParty:999 - CMSIS Pack Vendor :emotas I-CUBE-CANOPEN 1.1.3
2023-01-17 16:19:26,300 [INFO] ThirdParty:999 - CMSIS Pack Vendor :STMicroelectronics X-CUBE-AZRTOS-G0 1.1.0
2023-01-17 16:19:26,300 [INFO] ThirdParty:999 - CMSIS Pack Vendor :STMicroelectronics X-CUBE-SUBG2 5.0.0
2023-01-17 16:19:26,300 [INFO] ThirdParty:999 - CMSIS Pack Vendor :STMicroelectronics X-CUBE-NFC4 3.0.0
2023-01-17 16:19:26,300 [INFO] ThirdParty:999 - CMSIS Pack Vendor :STMicroelectronics STM32_WPAN 1.0.0
2023-01-17 16:19:26,300 [INFO] ThirdParty:999 - CMSIS Pack Vendor :STMicroelectronics lwIP 2.0.3
2023-01-17 16:19:26,300 [INFO] ThirdParty:999 - CMSIS Pack Vendor :STMicroelectronics USB_HOST 1.0.0
2023-01-17 16:19:26,301 [INFO] ThirdParty:999 - CMSIS Pack Vendor :STMicroelectronics PDM2PCM 3.1.0
2023-01-17 16:19:26,301 [INFO] ThirdParty:999 - CMSIS Pack Vendor :STMicroelectronics FP-ATR-ASTRA1 1.1.1
2023-01-17 16:19:26,301 [INFO] ThirdParty:999 - CMSIS Pack Vendor :STMicroelectronics PDM2PCM 3.3.0
2023-01-17 16:19:26,301 [INFO] ThirdParty:999 - CMSIS Pack Vendor :STMicroelectronics X-CUBE-BLEMGR 1.3.0
2023-01-17 16:19:26,301 [INFO] ThirdParty:999 - CMSIS Pack Vendor :STMicroelectronics X-CUBE-AZRTOS-G4 1.0.0
2023-01-17 16:19:26,301 [INFO] ThirdParty:999 - CMSIS Pack Vendor :STMicroelectronics FP-ATR-SIGFOX1 3.2.0
2023-01-17 16:19:26,301 [INFO] ThirdParty:999 - CMSIS Pack Vendor :wolfSSL I-CUBE-wolfSSL 5.5.4
2023-01-17 16:19:26,301 [INFO] ThirdParty:999 - CMSIS Pack Vendor :STMicroelectronics X-CUBE-AZRTOS-L4 1.0.0
2023-01-17 16:19:26,301 [INFO] ThirdParty:999 - CMSIS Pack Vendor :STMicroelectronics HAL Drivers 0.0.0
2023-01-17 16:19:26,301 [INFO] ThirdParty:999 - CMSIS Pack Vendor :STMicroelectronics MBEDTLS 2.16.2
2023-01-17 16:19:26,301 [INFO] ThirdParty:999 - CMSIS Pack Vendor :STMicroelectronics MBEDTLS 2.14.1
2023-01-17 16:19:26,301 [INFO] ThirdParty:999 - CMSIS Pack Vendor :STMicroelectronics X-CUBE-NFC7 1.0.0
2023-01-17 16:19:26,301 [INFO] ThirdParty:999 - CMSIS Pack Vendor :STMicroelectronics X-CUBE-AZRTOS-WL 1.0.0
2023-01-17 16:19:26,301 [INFO] ThirdParty:999 - CMSIS Pack Vendor :STMicroelectronics X-CUBE-EEPRMA1 4.1.0
2023-01-17 16:19:26,301 [INFO] ThirdParty:999 - CMSIS Pack Vendor :portGmbH I-Cube-SoM-uGOAL 1.1.0
2023-01-17 16:19:26,301 [INFO] ThirdParty:999 - CMSIS Pack Vendor :STMicroelectronics X-CUBE-ALS 1.0.1
2023-01-17 16:19:26,301 [INFO] ThirdParty:999 - CMSIS Pack Vendor :STMicroelectronics ThreadX 1.0.0
2023-01-17 16:19:26,302 [INFO] ThirdParty:999 - CMSIS Pack Vendor :STMicroelectronics X-CUBE-AZRTOS-WB 1.1.0
2023-01-17 16:19:26,302 [INFO] ThirdParty:999 - CMSIS Pack Vendor :STMicroelectronics USB_DEVICE 1.0.0
2023-01-17 16:19:26,302 [INFO] ThirdParty:999 - CMSIS Pack Vendor :SEGGER I-CUBE-embOS 1.3.0
2023-01-17 16:19:26,302 [INFO] ThirdParty:999 - CMSIS Pack Vendor :STMicroelectronics ThreadX 0.0.2
2023-01-17 16:19:26,302 [INFO] ThirdParty:999 - CMSIS Pack Vendor :STMicroelectronics lwIP 2.1.2
2023-01-17 16:19:26,302 [INFO] ThirdParty:999 - CMSIS Pack Vendor :STMicroelectronics X-CUBE-SFXS2LP1 4.0.0
2023-01-17 16:19:26,302 [INFO] ThirdParty:999 - CMSIS Pack Vendor :STMicroelectronics X-CUBE-BLE2 3.3.0
2023-01-17 16:19:26,302 [INFO] ThirdParty:999 - CMSIS Pack Vendor :STMicroelectronics X-CUBE-DISPLAY 2.2.0
2023-01-17 16:19:26,302 [INFO] ThirdParty:999 - CMSIS Pack Vendor :STMicroelectronics X-CUBE-TOF1 3.2.0
2023-01-17 16:19:26,302 [INFO] ThirdParty:999 - CMSIS Pack Vendor :STMicroelectronics PDM2PCM 3.2.0
2023-01-17 16:19:26,302 [INFO] ThirdParty:999 - CMSIS Pack Vendor :STMicroelectronics X-CUBE-AZRTOS-H7 3.0.0
2023-01-17 16:19:26,302 [INFO] ThirdParty:815 - exiting critical section [change project]
2023-01-17 16:19:26,780 [INFO] PinOutPanel:1477 - setPackage(No Configuration,No Configuration)
2023-01-17 16:19:26,782 [INFO] PinOutPanel:1477 - setPackage(STM32F030C6Tx,LQFP48)
2023-01-17 16:19:27,997 [INFO] UtilMem:74 - Before build in PCC Used Memory: 255094144 Bytes (365953024)
2023-01-17 16:19:29,712 [INFO] UtilMem:74 - After build in PCC Used Memory: 276340928 Bytes (365953024)
2023-01-17 16:19:29,739 [INFO] IPUIPlugin:79 - create IPUIPlugin
2023-01-17 16:19:29,740 [INFO] IPUIPlugin:79 - create IPUIPlugin
2023-01-17 16:19:29,741 [INFO] IPUIPlugin:79 - create IPUIPlugin
2023-01-17 16:19:29,741 [INFO] IPUIPlugin:79 - create IPUIPlugin
2023-01-17 16:19:29,741 [INFO] IPUIPlugin:79 - create IPUIPlugin
2023-01-17 16:19:29,741 [INFO] IPUIPlugin:79 - create IPUIPlugin
2023-01-17 16:19:29,741 [INFO] IPUIPlugin:79 - create IPUIPlugin
2023-01-17 16:19:29,741 [INFO] IPUIPlugin:79 - create IPUIPlugin
2023-01-17 16:19:29,741 [INFO] IPUIPlugin:79 - create IPUIPlugin
2023-01-17 16:19:29,741 [INFO] IPUIPlugin:79 - create IPUIPlugin
2023-01-17 16:19:29,778 [INFO] IPUIPlugin:79 - create IPUIPlugin
2023-01-17 16:19:29,779 [INFO] IPUIPlugin:79 - create IPUIPlugin
2023-01-17 16:19:29,779 [INFO] IPUIPlugin:79 - create IPUIPlugin
2023-01-17 16:19:29,781 [INFO] IPUIPlugin:79 - create IPUIPlugin
2023-01-17 16:19:29,781 [INFO] IPUIPlugin:79 - create IPUIPlugin
2023-01-17 16:19:29,781 [INFO] IPUIPlugin:79 - create IPUIPlugin
2023-01-17 16:19:29,781 [INFO] IPUIPlugin:79 - create IPUIPlugin
2023-01-17 16:19:29,782 [INFO] IPUIPlugin:79 - create IPUIPlugin
2023-01-17 16:19:29,782 [INFO] IPUIPlugin:79 - create IPUIPlugin
2023-01-17 16:19:29,782 [INFO] IPUIPlugin:79 - create IPUIPlugin
2023-01-17 16:19:29,782 [INFO] IPUIPlugin:79 - create IPUIPlugin
2023-01-17 16:19:30,343 [INFO] CADModel:164 - CPN selected for project levelSTM32F030C6T6
2023-01-17 16:19:30,343 [INFO] CADModel:113 - Register for checkConnection events
2023-01-17 16:19:30,453 [INFO] OpenFileManager:327 - Restore cursor
2023-01-17 16:19:31,900 [INFO] UtilMem:74 - End SaveConfig() Used Memory: 288972800 Bytes (365953024)
2023-01-17 16:19:31,958 [INFO] UtilMem:74 - End SaveConfig() Used Memory: 295896240 Bytes (365953024)
2023-01-17 16:19:33,349 [INFO] BlockDiagram:2759 - set Specific Code input for plugin: NVIC
2023-01-17 16:19:33,349 [INFO] BlockDiagram:2759 - set Specific Code input for plugin: RCC
2023-01-17 16:19:33,351 [INFO] CodeGenerator:692 - code generatio: config db path: C:\ST\STM32CubeIDE_1.11.0\STM32CubeIDE\plugins\com.st.stm32cube.common.mx_6.7.0.202211181646\\db\
2023-01-17 16:19:34,215 [INFO] CodeEngine:247 - oldGeneratedFile, C:\Users\Jorn\Documents\STM32-Alarmclock\code\alarmclock\MXTmpFiles\license.tmp_save
2023-01-17 16:19:35,170 [INFO] CodeEngine:271 - Generated code: C:\Users\Jorn\Documents\STM32-Alarmclock\code\alarmclock\MXTmpFiles\license.tmp
2023-01-17 16:19:35,235 [INFO] CodeEngine:247 - oldGeneratedFile, C:\Users\Jorn\Documents\STM32-Alarmclock\code\alarmclock\Core\Src\stm32f0xx_it.c_save
2023-01-17 16:19:36,021 [INFO] CodeEngine:271 - Generated code: C:\Users\Jorn\Documents\STM32-Alarmclock\code\alarmclock\Core\Src\stm32f0xx_it.c
2023-01-17 16:19:36,027 [INFO] CodeEngine:247 - oldGeneratedFile, C:\Users\Jorn\Documents\STM32-Alarmclock\code\alarmclock\Core\Inc\stm32f0xx_it.h_save
2023-01-17 16:19:36,416 [INFO] CodeEngine:271 - Generated code: C:\Users\Jorn\Documents\STM32-Alarmclock\code\alarmclock\Core\Inc\stm32f0xx_it.h
2023-01-17 16:19:36,667 [INFO] CodeEngine:247 - oldGeneratedFile, C:\Users\Jorn\Documents\STM32-Alarmclock\code\alarmclock\Core\Src\stm32f0xx_hal_msp.c_save
2023-01-17 16:19:37,139 [INFO] CodeEngine:271 - Generated code: C:\Users\Jorn\Documents\STM32-Alarmclock\code\alarmclock\Core\Src\stm32f0xx_hal_msp.c
2023-01-17 16:19:37,144 [INFO] CodeEngine:247 - oldGeneratedFile, C:\Users\Jorn\Documents\STM32-Alarmclock\code\alarmclock\MXTmpFiles\system.tmp_save
2023-01-17 16:19:37,251 [INFO] CodeEngine:271 - Generated code: C:\Users\Jorn\Documents\STM32-Alarmclock\code\alarmclock\MXTmpFiles\system.tmp
2023-01-17 16:19:37,261 [INFO] CodeEngine:303 - oldGeneratedFile, C:\Users\Jorn\Documents\STM32-Alarmclock\code\alarmclock\Core\Inc\stm32f0xx_hal_conf.h_save
2023-01-17 16:19:37,440 [INFO] CodeEngine:327 - Generated code: C:\Users\Jorn\Documents\STM32-Alarmclock\code\alarmclock\Core\Inc\stm32f0xx_hal_conf.h
2023-01-17 16:19:37,562 [INFO] CodeEngine:247 - oldGeneratedFile, C:\Users\Jorn\Documents\STM32-Alarmclock\code\alarmclock\Core\Inc\main.h_save
2023-01-17 16:19:37,745 [INFO] CodeEngine:271 - Generated code: C:\Users\Jorn\Documents\STM32-Alarmclock\code\alarmclock\Core\Inc\main.h
2023-01-17 16:19:37,749 [INFO] CodeEngine:247 - oldGeneratedFile, C:\Users\Jorn\Documents\STM32-Alarmclock\code\alarmclock\Core\Src\main.c_save
2023-01-17 16:19:38,062 [INFO] CodeEngine:271 - Generated code: C:\Users\Jorn\Documents\STM32-Alarmclock\code\alarmclock\Core\Src\main.c
2023-01-17 16:19:39,341 [INFO] ProjectBuilder:2919 - Time for Copy HAL[1] : 337mS.
2023-01-17 16:19:39,361 [INFO] ProjectBuilder:4183 - Project Generator version: 3.18.0-B7
2023-01-17 16:19:40,068 [INFO] ConfigFileManager:1396 - The Die is : DIE444
2023-01-17 16:19:40,086 [INFO] ApiDbMcu:505 - Load IP Config File for FATFS
2023-01-17 16:19:40,118 [INFO] ApiDbMcu:505 - Load IP Config File for FREERTOS
2023-01-17 16:19:46,778 [INFO] ProjectBuilder:4351 - Time for Generating toolchain IDE Files: 7416mS.
2023-01-17 16:19:46,783 [INFO] ProjectBuilder:2790 - Time for Copy CMSIS : 1mS.
2023-01-17 16:19:46,791 [INFO] ProjectBuilder:2790 - Time for Copy CMSIS : 0mS.
2023-01-17 16:19:48,012 [INFO] McuFinderGlobals:65 - Set McuFinderConnectedMode to true
2023-01-17 16:19:48,018 [INFO] ApiDb:447 - Save user favorites file C:\Users\Jorn/.stm32cubeide/favorites.mcus.txt: 0 item(s)
2023-01-17 16:19:48,018 [INFO] ApiDb:451 - User favorites MCUs=[]
2023-01-17 16:21:28,441 [INFO] Gpio:272 - dependency for GPIO [RCC, SYS]
2023-01-17 16:21:34,949 [INFO] Gpio:272 - dependency for GPIO [RCC, SYS]
2023-01-17 16:21:34,998 [INFO] DmaTabbedPanel:202 - Cannot restore the selected Tab for DMA
2023-01-17 16:21:36,683 [INFO] Gpio:272 - dependency for GPIO [RCC, SYS]
2023-01-17 16:21:48,721 [INFO] UtilMem:74 - End SaveConfig() Used Memory: 504486680 Bytes (675282944)
2023-01-17 16:21:53,067 [INFO] UtilMem:74 - End SaveConfig() Used Memory: 516280120 Bytes (675282944)
2023-01-17 16:21:57,957 [INFO] UtilMem:74 - End SaveConfig() Used Memory: 260979632 Bytes (675282944)
2023-01-17 16:21:58,485 [INFO] BlockDiagram:2759 - set Specific Code input for plugin: NVIC
2023-01-17 16:21:58,485 [INFO] BlockDiagram:2759 - set Specific Code input for plugin: SYS
2023-01-17 16:21:58,485 [INFO] BlockDiagram:2759 - set Specific Code input for plugin: GPIO
2023-01-17 16:21:58,485 [INFO] BlockDiagram:2759 - set Specific Code input for plugin: RCC
2023-01-17 16:21:58,487 [INFO] CodeGenerator:692 - code generatio: config db path: C:\ST\STM32CubeIDE_1.11.0\STM32CubeIDE\plugins\com.st.stm32cube.common.mx_6.7.0.202211181646\\db\
2023-01-17 16:21:58,648 [INFO] CodeEngine:247 - oldGeneratedFile, C:\Users\Jorn\Documents\STM32-Alarmclock\code\alarmclock\MXTmpFiles\license.tmp_save
2023-01-17 16:21:58,802 [INFO] CodeEngine:271 - Generated code: C:\Users\Jorn\Documents\STM32-Alarmclock\code\alarmclock\MXTmpFiles\license.tmp
2023-01-17 16:21:58,937 [INFO] CodeEngine:247 - oldGeneratedFile, C:\Users\Jorn\Documents\STM32-Alarmclock\code\alarmclock\MXTmpFiles\gpio.tmp_save
2023-01-17 16:21:59,109 [INFO] CodeEngine:271 - Generated code: C:\Users\Jorn\Documents\STM32-Alarmclock\code\alarmclock\MXTmpFiles\gpio.tmp
2023-01-17 16:21:59,224 [INFO] CodeEngine:247 - oldGeneratedFile, C:\Users\Jorn\Documents\STM32-Alarmclock\code\alarmclock\Core\Src\stm32f0xx_it.c_save
2023-01-17 16:21:59,354 [INFO] CodeEngine:271 - Generated code: C:\Users\Jorn\Documents\STM32-Alarmclock\code\alarmclock\Core\Src\stm32f0xx_it.c
2023-01-17 16:21:59,361 [INFO] CodeEngine:247 - oldGeneratedFile, C:\Users\Jorn\Documents\STM32-Alarmclock\code\alarmclock\Core\Inc\stm32f0xx_it.h_save
2023-01-17 16:21:59,429 [INFO] CodeEngine:271 - Generated code: C:\Users\Jorn\Documents\STM32-Alarmclock\code\alarmclock\Core\Inc\stm32f0xx_it.h
2023-01-17 16:21:59,451 [INFO] CodeEngine:247 - oldGeneratedFile, C:\Users\Jorn\Documents\STM32-Alarmclock\code\alarmclock\Core\Src\stm32f0xx_hal_msp.c_save
2023-01-17 16:21:59,550 [INFO] CodeEngine:271 - Generated code: C:\Users\Jorn\Documents\STM32-Alarmclock\code\alarmclock\Core\Src\stm32f0xx_hal_msp.c
2023-01-17 16:21:59,554 [INFO] CodeEngine:247 - oldGeneratedFile, C:\Users\Jorn\Documents\STM32-Alarmclock\code\alarmclock\MXTmpFiles\system.tmp_save
2023-01-17 16:21:59,616 [INFO] CodeEngine:271 - Generated code: C:\Users\Jorn\Documents\STM32-Alarmclock\code\alarmclock\MXTmpFiles\system.tmp
2023-01-17 16:21:59,631 [INFO] CodeEngine:303 - oldGeneratedFile, C:\Users\Jorn\Documents\STM32-Alarmclock\code\alarmclock\Core\Inc\stm32f0xx_hal_conf.h_save
2023-01-17 16:21:59,725 [INFO] CodeEngine:327 - Generated code: C:\Users\Jorn\Documents\STM32-Alarmclock\code\alarmclock\Core\Inc\stm32f0xx_hal_conf.h
2023-01-17 16:21:59,762 [INFO] CodeEngine:247 - oldGeneratedFile, C:\Users\Jorn\Documents\STM32-Alarmclock\code\alarmclock\Core\Inc\main.h_save
2023-01-17 16:21:59,846 [INFO] CodeEngine:271 - Generated code: C:\Users\Jorn\Documents\STM32-Alarmclock\code\alarmclock\Core\Inc\main.h
2023-01-17 16:21:59,863 [INFO] CodeEngine:247 - oldGeneratedFile, C:\Users\Jorn\Documents\STM32-Alarmclock\code\alarmclock\Core\Src\main.c_save
2023-01-17 16:21:59,989 [INFO] CodeEngine:271 - Generated code: C:\Users\Jorn\Documents\STM32-Alarmclock\code\alarmclock\Core\Src\main.c
2023-01-17 16:22:00,779 [INFO] ProjectBuilder:2919 - Time for Copy HAL[1] : 298mS.
2023-01-17 16:22:00,784 [INFO] ProjectBuilder:4183 - Project Generator version: 3.18.0-B7
2023-01-17 16:22:01,024 [INFO] ConfigFileManager:1396 - The Die is : DIE444
2023-01-17 16:22:03,434 [INFO] ProjectBuilder:4351 - Time for Generating toolchain IDE Files: 2650mS.
2023-01-17 16:22:03,434 [INFO] ProjectBuilder:2790 - Time for Copy CMSIS : 0mS.
2023-01-17 16:22:03,436 [INFO] ProjectBuilder:2790 - Time for Copy CMSIS : 0mS.
2023-01-17 16:22:09,779 [INFO] JxBrowserEngine:114 - Initiate JxBrowser Engine with user profile folder
2023-01-17 16:22:11,145 [INFO] WebAppUi:459 - Close the Jxbrowser engine manually
2023-01-17 16:22:11,189 [INFO] WebAppUi:462 - Profiles folder deleted
2023-01-17 16:22:11,864 [ERROR] LogOutputStream:74 - [STDERR_REDIRECT] 
2023-01-18 20:29:56,976 [INFO] Activator:179 - 


2023-01-18 20:29:56,978 [INFO] Activator:180 - !SESSION log4j initialized
2023-01-18 20:30:10,644 [INFO] McuFinderGlobals:52 - Set McuFinder mode to 2 (CubeIDE integrated)
2023-01-18 20:30:11,106 [INFO] ApplicationProperties:181 - Using Application install path: C:\ST\STM32CubeIDE_1.11.0\STM32CubeIDE\plugins\com.st.stm32cube.common.mx_6.7.0.202211181646
2023-01-18 20:30:11,127 [INFO] DbMcusXml:77 - Set database path to: C:\ST\STM32CubeIDE_1.11.0\STM32CubeIDE\plugins\com.st.stm32cube.common.mx_6.7.0.202211181646\\db\/mcu/
2023-01-18 20:30:11,128 [INFO] ApiDb:273 - Set plugin database path to: C:\ST\STM32CubeIDE_1.11.0\STM32CubeIDE\plugins\com.st.stm32cube.common.mx_6.7.0.202211181646\\db\/plugins/boardmanager/
2023-01-18 20:30:11,131 [WARN] ApiDb:258 - Overriding images path with different value:  => C:\ST\STM32CubeIDE_1.11.0\STM32CubeIDE\plugins\com.st.stm32cube.common.mx_6.7.0.202211181646\\db\/plugins/mcufinder/images/
2023-01-18 20:30:11,153 [INFO] ApiDb:249 - Set database path to: C:\Users\Jorn\.stmcufinder\plugins\mcufinder//mcu/
2023-01-18 20:30:11,155 [INFO] DbMcusAds:124 - Set database path to: C:\Users\Jorn\.stmcufinder\plugins\mcufinder//mcu/
2023-01-18 20:30:11,159 [INFO] CrossReferenceDbSqlite:202 - Set database path to: C:\Users\Jorn\.stmcufinder\plugins\mcufinder//mcu/cs/
2023-01-18 20:30:11,291 [INFO] RulesReader:61 - Compatibility file has been processed (283 Rules)
2023-01-18 20:30:11,415 [INFO] DbMcusXml:77 - Set database path to: C:\ST\STM32CubeIDE_1.11.0\STM32CubeIDE\plugins\com.st.stm32cube.common.mx_6.7.0.202211181646\\db\/mcu/
2023-01-18 20:30:11,416 [INFO] ApiDb:273 - Set plugin database path to: C:\ST\STM32CubeIDE_1.11.0\STM32CubeIDE\plugins\com.st.stm32cube.common.mx_6.7.0.202211181646\\db\/plugins/boardmanager/
2023-01-18 20:30:11,416 [INFO] ApiDb:260 - Set plugin images path to: C:\ST\STM32CubeIDE_1.11.0\STM32CubeIDE\plugins\com.st.stm32cube.common.mx_6.7.0.202211181646\\db\/plugins/mcufinder/images/
2023-01-18 20:30:11,417 [WARN] DbFile:40 - Overriding database path with different value: C:\Users\Jorn\.stmcufinder\plugins\mcufinder/ => C:\Users\Jorn\.stmcufinder\plugins\mcufinder
2023-01-18 20:30:11,417 [INFO] ApiDb:249 - Set database path to: C:\Users\Jorn\.stmcufinder\plugins\mcufinder//mcu/
2023-01-18 20:30:11,417 [WARN] DbFile:40 - Overriding database path with different value: C:\Users\Jorn\.stmcufinder\plugins\mcufinder/ => C:\Users\Jorn\.stmcufinder\plugins\mcufinder
2023-01-18 20:30:11,417 [INFO] DbMcusAds:124 - Set database path to: C:\Users\Jorn\.stmcufinder\plugins\mcufinder//mcu/
2023-01-18 20:30:11,418 [WARN] DbFile:40 - Overriding database path with different value: C:\Users\Jorn\.stmcufinder\plugins\mcufinder/ => C:\Users\Jorn\.stmcufinder\plugins\mcufinder
2023-01-18 20:30:11,419 [WARN] DbFile:40 - Overriding database path with different value: C:\Users\Jorn\.stmcufinder\plugins\mcufinder/ => C:\Users\Jorn\.stmcufinder\plugins\mcufinder
2023-01-18 20:30:11,419 [INFO] CrossReferenceDbSqlite:202 - Set database path to: C:\Users\Jorn\.stmcufinder\plugins\mcufinder//mcu/cs/
2023-01-18 20:30:11,673 [INFO] MainPanel:252 - HeapMemory: 268435456
2023-01-18 20:30:11,806 [INFO] DbMcusXml:77 - Set database path to: C:\ST\STM32CubeIDE_1.11.0\STM32CubeIDE\plugins\com.st.stm32cube.common.mx_6.7.0.202211181646\\db\/mcu/
2023-01-18 20:30:11,807 [INFO] ApiDb:273 - Set plugin database path to: C:\ST\STM32CubeIDE_1.11.0\STM32CubeIDE\plugins\com.st.stm32cube.common.mx_6.7.0.202211181646\\db\/plugins/boardmanager/
2023-01-18 20:30:11,807 [INFO] ApiDb:260 - Set plugin images path to: C:\ST\STM32CubeIDE_1.11.0\STM32CubeIDE\plugins\com.st.stm32cube.common.mx_6.7.0.202211181646\\db\/plugins/mcufinder/images/
2023-01-18 20:30:11,808 [WARN] DbFile:40 - Overriding database path with different value: C:\Users\Jorn\.stmcufinder\plugins\mcufinder/ => C:\Users\Jorn\.stmcufinder\plugins\mcufinder
2023-01-18 20:30:11,808 [INFO] ApiDb:249 - Set database path to: C:\Users\Jorn\.stmcufinder\plugins\mcufinder//mcu/
2023-01-18 20:30:11,808 [WARN] DbFile:40 - Overriding database path with different value: C:\Users\Jorn\.stmcufinder\plugins\mcufinder/ => C:\Users\Jorn\.stmcufinder\plugins\mcufinder
2023-01-18 20:30:11,808 [INFO] DbMcusAds:124 - Set database path to: C:\Users\Jorn\.stmcufinder\plugins\mcufinder//mcu/
2023-01-18 20:30:11,809 [WARN] DbFile:40 - Overriding database path with different value: C:\Users\Jorn\.stmcufinder\plugins\mcufinder/ => C:\Users\Jorn\.stmcufinder\plugins\mcufinder
2023-01-18 20:30:11,809 [WARN] DbFile:40 - Overriding database path with different value: C:\Users\Jorn\.stmcufinder\plugins\mcufinder/ => C:\Users\Jorn\.stmcufinder\plugins\mcufinder
2023-01-18 20:30:11,809 [INFO] CrossReferenceDbSqlite:202 - Set database path to: C:\Users\Jorn\.stmcufinder\plugins\mcufinder//mcu/cs/
2023-01-18 20:30:11,833 [INFO] ApplicationProperties:181 - Using Application install path: C:\ST\STM32CubeIDE_1.11.0\STM32CubeIDE\plugins\com.st.stm32cube.common.mx_6.7.0.202211181646
2023-01-18 20:30:11,835 [INFO] PluginManage:193 - Search for loadable plugins [exclusion list=, ]
2023-01-18 20:30:11,837 [INFO] PluginManage:307 - Check plugin analytics
2023-01-18 20:30:12,037 [INFO] AnalyticsPlugin:262 - Accepted Software Licenses: 
2023-01-18 20:30:12,038 [INFO] AnalyticsPlugin:264 - Accepted CMSIS Pack Licenses: 
2023-01-18 20:30:12,038 [INFO] AnalyticsPlugin:266 - Accepted Firmware Licenses: 
2023-01-18 20:30:12,053 [INFO] PluginManage:356 - Loaded plugin analytics (category:tool,tabindex:-1)
2023-01-18 20:30:12,054 [INFO] PluginManage:307 - Check plugin cadmodel
2023-01-18 20:30:12,070 [INFO] CADModel:104 - Init CAD model plugin
2023-01-18 20:30:12,071 [INFO] PluginManage:356 - Loaded plugin cadmodel (category:power,tabindex:5)
2023-01-18 20:30:12,071 [INFO] PluginManage:307 - Check plugin clock
2023-01-18 20:30:12,093 [INFO] PluginManage:356 - Loaded plugin clock (category:base,tabindex:2)
2023-01-18 20:30:12,094 [INFO] PluginManage:307 - Check plugin ddr
2023-01-18 20:30:12,098 [INFO] PluginManage:356 - Loaded plugin ddr (category:tool,tabindex:6)
2023-01-18 20:30:12,098 [INFO] PluginManage:307 - Check plugin filemanager
2023-01-18 20:30:12,379 [INFO] PluginManage:356 - Loaded plugin filemanager (category:base,tabindex:10)
2023-01-18 20:30:12,381 [INFO] PluginManage:307 - Check plugin ipmanager
2023-01-18 20:30:12,399 [INFO] PluginManage:356 - Loaded plugin ipmanager (category:base,tabindex:5)
2023-01-18 20:30:12,400 [INFO] PluginManage:307 - Check plugin lpbam
2023-01-18 20:30:12,428 [INFO] PluginManage:356 - Loaded plugin lpbam (category:base,tabindex:0)
2023-01-18 20:30:12,428 [INFO] PluginManage:307 - Check plugin pinoutandconfiguration
2023-01-18 20:30:12,446 [INFO] PluginManage:356 - Loaded plugin pinoutandconfiguration (category:base,tabindex:1)
2023-01-18 20:30:12,446 [INFO] PluginManage:307 - Check plugin pinoutconfig
2023-01-18 20:30:12,488 [INFO] PluginManage:356 - Loaded plugin pinoutconfig (category:base,tabindex:0)
2023-01-18 20:30:12,488 [INFO] PluginManage:307 - Check plugin power
2023-01-18 20:30:12,508 [INFO] PluginManage:356 - Loaded plugin power (category:power,tabindex:4)
2023-01-18 20:30:12,508 [INFO] PluginManage:307 - Check plugin projectmanager
2023-01-18 20:30:12,525 [INFO] PluginManage:356 - Loaded plugin projectmanager (category:projectmanager,tabindex:3)
2023-01-18 20:30:12,526 [INFO] PluginManage:307 - Check plugin thirdparty
2023-01-18 20:30:12,816 [WARN] IntegrityCheckThread:82 - waiting for thirdparty lock release [integrity check]
2023-01-18 20:30:12,816 [INFO] PluginManage:356 - Loaded plugin thirdparty (category:base,tabindex:-1)
2023-01-18 20:30:12,817 [INFO] IntegrityCheckThread:84 - entering critical section [integrity check]
2023-01-18 20:30:12,817 [INFO] PluginManage:307 - Check plugin tools
2023-01-18 20:30:12,821 [INFO] ThirdPartyUpdaterWithRetryManager:70 - Updater plugin not ready yet. [1/15]
2023-01-18 20:30:12,847 [INFO] PluginManage:356 - Loaded plugin tools (category:base,tabindex:7)
2023-01-18 20:30:12,848 [INFO] PluginManage:307 - Check plugin tutovideos
2023-01-18 20:30:13,097 [INFO] PluginManage:356 - Loaded plugin tutovideos (category:base,tabindex:-1)
2023-01-18 20:30:13,097 [INFO] PluginManage:307 - Check plugin updater
2023-01-18 20:30:13,116 [INFO] PluginManage:356 - Loaded plugin updater (category:base,tabindex:12)
2023-01-18 20:30:13,117 [INFO] PluginManage:280 - PluginManage : Loaded plugins [15]
2023-01-18 20:30:13,422 [INFO] PinOutPanel:1477 - setPackage(No Configuration,No Configuration)
2023-01-18 20:30:13,497 [INFO] CADModel:164 - CPN selected for project level
2023-01-18 20:30:13,498 [INFO] CADModel:113 - Register for checkConnection events
2023-01-18 20:30:13,526 [INFO] IPUIPlugin:79 - create IPUIPlugin
2023-01-18 20:30:13,527 [INFO] PluginManager:219 - loadIPPluginJar : add adc
2023-01-18 20:30:13,560 [INFO] IPUIPlugin:79 - create IPUIPlugin
2023-01-18 20:30:13,561 [INFO] PluginManager:219 - loadIPPluginJar : add aes
2023-01-18 20:30:13,600 [INFO] IPUIPlugin:79 - create IPUIPlugin
2023-01-18 20:30:13,601 [INFO] PluginManager:219 - loadIPPluginJar : add can
2023-01-18 20:30:13,621 [INFO] IPUIPlugin:79 - create IPUIPlugin
2023-01-18 20:30:13,621 [INFO] PluginManager:219 - loadIPPluginJar : add comp
2023-01-18 20:30:13,650 [INFO] IPUIPlugin:79 - create IPUIPlugin
2023-01-18 20:30:13,651 [INFO] PluginManager:219 - loadIPPluginJar : add cryp
2023-01-18 20:30:13,677 [INFO] IPUIPlugin:79 - create IPUIPlugin
2023-01-18 20:30:13,677 [INFO] PluginManager:219 - loadIPPluginJar : add dfsdm
2023-01-18 20:30:13,691 [INFO] IPUIPlugin:79 - create IPUIPlugin
2023-01-18 20:30:13,692 [INFO] PluginManager:219 - loadIPPluginJar : add dma
2023-01-18 20:30:13,730 [INFO] IPUIPlugin:79 - create IPUIPlugin
2023-01-18 20:30:13,730 [INFO] PluginManager:219 - loadIPPluginJar : add dma3
2023-01-18 20:30:13,747 [INFO] IPUIPlugin:79 - create IPUIPlugin
2023-01-18 20:30:13,748 [INFO] PluginManager:219 - loadIPPluginJar : add fatfs
2023-01-18 20:30:13,793 [INFO] IPUIPlugin:79 - create IPUIPlugin
2023-01-18 20:30:13,793 [INFO] PluginManager:219 - loadIPPluginJar : add fmc
2023-01-18 20:30:13,807 [INFO] IPUIPlugin:79 - create IPUIPlugin
2023-01-18 20:30:13,808 [INFO] PluginManager:219 - loadIPPluginJar : add freertos
2023-01-18 20:30:13,824 [INFO] IPUIPlugin:79 - create IPUIPlugin
2023-01-18 20:30:13,824 [INFO] PluginManager:219 - loadIPPluginJar : add genericplugin
2023-01-18 20:30:13,902 [INFO] IPUIPlugin:79 - create IPUIPlugin
2023-01-18 20:30:13,903 [INFO] PluginManager:219 - loadIPPluginJar : add gfxmmu
2023-01-18 20:30:14,019 [INFO] IPUIPlugin:79 - create IPUIPlugin
2023-01-18 20:30:14,019 [INFO] PluginManager:219 - loadIPPluginJar : add gic
2023-01-18 20:30:14,031 [INFO] IPUIPlugin:79 - create IPUIPlugin
2023-01-18 20:30:14,031 [INFO] PluginManager:219 - loadIPPluginJar : add gpio
2023-01-18 20:30:14,108 [INFO] IPUIPlugin:79 - create IPUIPlugin
2023-01-18 20:30:14,108 [INFO] PluginManager:219 - loadIPPluginJar : add gtzc
2023-01-18 20:30:14,137 [INFO] IPUIPlugin:79 - create IPUIPlugin
2023-01-18 20:30:14,137 [INFO] PluginManager:219 - loadIPPluginJar : add hash
2023-01-18 20:30:14,184 [INFO] IPUIPlugin:79 - create IPUIPlugin
2023-01-18 20:30:14,184 [INFO] PluginManager:219 - loadIPPluginJar : add i2c
2023-01-18 20:30:14,218 [INFO] IPUIPlugin:79 - create IPUIPlugin
2023-01-18 20:30:14,218 [INFO] PluginManager:219 - loadIPPluginJar : add i2s
2023-01-18 20:30:14,320 [INFO] IPUIPlugin:79 - create IPUIPlugin
2023-01-18 20:30:14,321 [INFO] PluginManager:219 - loadIPPluginJar : add ipddr
2023-01-18 20:30:14,405 [INFO] IPUIPlugin:79 - create IPUIPlugin
2023-01-18 20:30:14,405 [INFO] PluginManager:219 - loadIPPluginJar : add linkedlist
2023-01-18 20:30:14,435 [INFO] IPUIPlugin:79 - create IPUIPlugin
2023-01-18 20:30:14,435 [INFO] PluginManager:219 - loadIPPluginJar : add lorawan
2023-01-18 20:30:14,466 [INFO] IPUIPlugin:79 - create IPUIPlugin
2023-01-18 20:30:14,467 [INFO] PluginManager:219 - loadIPPluginJar : add ltdc
2023-01-18 20:30:14,481 [INFO] IPUIPlugin:79 - create IPUIPlugin
2023-01-18 20:30:14,481 [INFO] PluginManager:219 - loadIPPluginJar : add mdma
2023-01-18 20:30:14,493 [INFO] IPUIPlugin:79 - create IPUIPlugin
2023-01-18 20:30:14,493 [INFO] PluginManager:219 - loadIPPluginJar : add nvic
2023-01-18 20:30:14,526 [INFO] IPUIPlugin:79 - create IPUIPlugin
2023-01-18 20:30:14,527 [INFO] PluginManager:219 - loadIPPluginJar : add opamp
2023-01-18 20:30:14,584 [INFO] IPUIPlugin:79 - create IPUIPlugin
2023-01-18 20:30:14,585 [INFO] PluginManager:219 - loadIPPluginJar : add openamp
2023-01-18 20:30:14,621 [INFO] IPUIPlugin:79 - create IPUIPlugin
2023-01-18 20:30:14,621 [INFO] PluginManager:219 - loadIPPluginJar : add pdm2pcm
2023-01-18 20:30:14,637 [INFO] IPUIPlugin:79 - create IPUIPlugin
2023-01-18 20:30:14,641 [INFO] PluginManager:219 - loadIPPluginJar : add plateformsettings
2023-01-18 20:30:14,660 [INFO] IPUIPlugin:79 - create IPUIPlugin
2023-01-18 20:30:14,661 [INFO] PluginManager:219 - loadIPPluginJar : add quadspi
2023-01-18 20:30:14,673 [INFO] IPUIPlugin:79 - create IPUIPlugin
2023-01-18 20:30:14,673 [INFO] PluginManager:219 - loadIPPluginJar : add resmgrutility
2023-01-18 20:30:14,723 [INFO] IPUIPlugin:79 - create IPUIPlugin
2023-01-18 20:30:14,723 [INFO] PluginManager:219 - loadIPPluginJar : add sai
2023-01-18 20:30:14,760 [INFO] IPUIPlugin:79 - create IPUIPlugin
2023-01-18 20:30:14,761 [INFO] PluginManager:219 - loadIPPluginJar : add spi
2023-01-18 20:30:14,811 [INFO] IPUIPlugin:79 - create IPUIPlugin
2023-01-18 20:30:14,812 [INFO] PluginManager:219 - loadIPPluginJar : add stm32_wpan
2023-01-18 20:30:14,831 [INFO] IPUIPlugin:79 - create IPUIPlugin
2023-01-18 20:30:14,831 [INFO] PluginManager:219 - loadIPPluginJar : add tim
2023-01-18 20:30:14,881 [INFO] IPUIPlugin:79 - create IPUIPlugin
2023-01-18 20:30:14,882 [INFO] PluginManager:219 - loadIPPluginJar : add touchsensing
2023-01-18 20:30:14,903 [INFO] IPUIPlugin:79 - create IPUIPlugin
2023-01-18 20:30:14,903 [INFO] PluginManager:219 - loadIPPluginJar : add tracer_emb
2023-01-18 20:30:14,923 [INFO] IPUIPlugin:79 - create IPUIPlugin
2023-01-18 20:30:14,923 [INFO] PluginManager:219 - loadIPPluginJar : add ts
2023-01-18 20:30:14,942 [INFO] IPUIPlugin:79 - create IPUIPlugin
2023-01-18 20:30:14,942 [INFO] PluginManager:219 - loadIPPluginJar : add tsc
2023-01-18 20:30:14,963 [INFO] IPUIPlugin:79 - create IPUIPlugin
2023-01-18 20:30:14,964 [INFO] PluginManager:219 - loadIPPluginJar : add ucpd
2023-01-18 20:30:15,002 [INFO] IPUIPlugin:79 - create IPUIPlugin
2023-01-18 20:30:15,003 [INFO] PluginManager:219 - loadIPPluginJar : add usart
2023-01-18 20:30:15,041 [INFO] IPUIPlugin:79 - create IPUIPlugin
2023-01-18 20:30:15,041 [INFO] PluginManager:219 - loadIPPluginJar : add usbx
2023-01-18 20:30:15,181 [INFO] CADModel:164 - CPN selected for project level
2023-01-18 20:30:15,182 [INFO] CADModel:113 - Register for checkConnection events
2023-01-18 20:30:15,182 [FATAL] Updater:308 - Updater called before beeing initialized
2023-01-18 20:30:15,182 [ERROR] CADModel:124 - Updater not yet initialized, retry later 
2023-01-18 20:30:15,347 [INFO] CADModel:164 - CPN selected for project level
2023-01-18 20:30:15,347 [INFO] CADModel:113 - Register for checkConnection events
2023-01-18 20:30:15,347 [FATAL] Updater:308 - Updater called before beeing initialized
2023-01-18 20:30:15,347 [ERROR] CADModel:124 - Updater not yet initialized, retry later 
2023-01-18 20:30:15,351 [FATAL] Updater:308 - Updater called before beeing initialized
2023-01-18 20:30:15,533 [FATAL] Updater:308 - Updater called before beeing initialized
2023-01-18 20:30:15,550 [INFO] DbMcusAds:52 - JSON generation date=Thu Sep 30 08:55:09 CEST 2021 (1632984909377)
2023-01-18 20:30:15,550 [FATAL] Updater:308 - Updater called before beeing initialized
2023-01-18 20:30:15,633 [WARN] DetailPanel:344 - Failed to get advertising image, set to default
2023-01-18 20:30:15,780 [FATAL] Updater:308 - Updater called before beeing initialized
2023-01-18 20:30:15,783 [FATAL] Updater:308 - Updater called before beeing initialized
2023-01-18 20:30:15,783 [FATAL] Updater:308 - Updater called before beeing initialized
2023-01-18 20:30:15,784 [WARN] DetailPanel:344 - Failed to get advertising image, set to default
2023-01-18 20:30:15,785 [FATAL] Updater:308 - Updater called before beeing initialized
2023-01-18 20:30:15,833 [INFO] ThirdPartyUpdaterWithRetryManager:70 - Updater plugin not ready yet. [2/15]
2023-01-18 20:30:15,857 [ERROR] Updater:1120 - MainUpdater not yet initialized. External WinMGr cannot be set.
2023-01-18 20:30:15,867 [INFO] Updater:1056 - Updater Version found : 6.7.0
2023-01-18 20:30:15,888 [INFO] ApplicationProperties:181 - Using Application install path: C:\ST\STM32CubeIDE_1.11.0\STM32CubeIDE\plugins\com.st.stm32cube.common.mx_6.7.0.202211181646
2023-01-18 20:30:16,129 [INFO] MainUpdater:2800 - connection check result : 10
2023-01-18 20:30:16,130 [INFO] MainUpdater:282 - Updater Check For Update Now.
2023-01-18 20:30:16,131 [INFO] MicroXplorer:481 - Change Database Version : DB.6.0.70
2023-01-18 20:30:16,376 [INFO] CheckServerUpdateThread:119 - End of CheckServer Thread
2023-01-18 20:30:16,406 [INFO] MainUpdater:2800 - connection check result : 10
2023-01-18 20:30:16,414 [INFO] MainUpdater:2800 - connection check result : 10
2023-01-18 20:30:16,600 [INFO] MicroXplorer:451 - Change Database Path : 
2023-01-18 20:30:16,600 [INFO] MicroXplorer:481 - Change Database Version : DB.6.0.70
2023-01-18 20:30:16,602 [WARN] ThirdParty:845 - waiting for thirdparty lock release [close project]
2023-01-18 20:30:19,043 [WARN] PackLoader:242 - Cannot read IP mode file for STMicroelectronics.X-CUBE-GNSS1.6.0.0
2023-01-18 20:30:19,092 [WARN] PackLoader:242 - Cannot read IP mode file for STMicroelectronics.X-CUBE-AZRTOS-F4.1.1.0
2023-01-18 20:30:19,133 [WARN] PackLoader:242 - Cannot read IP mode file for STMicroelectronics.X-CUBE-AZRTOS-F7.1.1.0
2023-01-18 20:30:19,154 [WARN] PackLoader:242 - Cannot read IP mode file for STMicroelectronics.X-CUBE-BLE1.6.2.4
2023-01-18 20:30:19,186 [WARN] PackLoader:242 - Cannot read IP mode file for emotas.I-CUBE-CANOPEN.1.1.3
2023-01-18 20:30:19,201 [WARN] PackLoader:242 - Cannot read IP mode file for wolfSSL.I-CUBE-wolfSSL.5.5.4
2023-01-18 20:30:19,213 [WARN] PackLoader:242 - Cannot read IP mode file for STMicroelectronics.X-CUBE-NFC7.1.0.0
2023-01-18 20:30:19,230 [WARN] PackLoader:242 - Cannot read IP mode file for STMicroelectronics.X-CUBE-EEPRMA1.4.1.0
2023-01-18 20:30:19,255 [WARN] PackLoader:242 - Cannot read IP mode file for STMicroelectronics.X-CUBE-SFXS2LP1.4.0.0
2023-01-18 20:30:19,270 [WARN] PackLoader:242 - Cannot read IP mode file for STMicroelectronics.X-CUBE-BLE2.3.3.0
2023-01-18 20:30:19,284 [WARN] PackLoader:242 - Cannot read IP mode file for STMicroelectronics.X-CUBE-DISPLAY.2.2.0
2023-01-18 20:30:19,307 [WARN] PackLoader:242 - Cannot read IP mode file for STMicroelectronics.X-CUBE-TOF1.3.2.0
2023-01-18 20:30:19,358 [WARN] PackLoader:242 - Cannot read IP mode file for STMicroelectronics.X-CUBE-AZRTOS-H7.3.0.0
2023-01-18 20:30:19,380 [WARN] PackLoader:242 - Cannot read IP mode file for STMicroelectronics.X-CUBE-ISPU.1.1.0
2023-01-18 20:30:19,403 [WARN] PackLoader:242 - Cannot read IP mode file for RoweBots.I-CUBE-UNISONRTOS.5.5.0-4
2023-01-18 20:30:19,417 [WARN] PackLoader:242 - Cannot read IP mode file for STMicroelectronics.X-CUBE-TOUCHGFX.4.21.0
2023-01-18 20:30:19,511 [WARN] PackLoader:242 - Cannot read IP mode file for STMicroelectronics.X-CUBE-MEMS1.9.4.0
2023-01-18 20:30:19,731 [WARN] PackLoader:242 - Cannot read IP mode file for STMicroelectronics.X-CUBE-AI.7.3.0
2023-01-18 20:30:19,743 [WARN] PackLoader:242 - Cannot read IP mode file for STMicroelectronics.X-CUBE-ALGOBUILD.1.3.0
2023-01-18 20:30:19,775 [WARN] PackLoader:242 - Cannot read IP mode file for STMicroelectronics.X-CUBE-AZRTOS-L5.1.1.0
2023-01-18 20:30:19,806 [WARN] PackLoader:242 - Cannot read IP mode file for STMicroelectronics.X-CUBE-AZRTOS-G0.1.1.0
2023-01-18 20:30:19,835 [WARN] PackLoader:242 - Cannot read IP mode file for STMicroelectronics.X-CUBE-SUBG2.5.0.0
2023-01-18 20:30:19,861 [WARN] PackLoader:242 - Cannot read IP mode file for STMicroelectronics.X-CUBE-NFC4.3.0.0
2023-01-18 20:30:19,872 [WARN] PackLoader:242 - Cannot read IP mode file for STMicroelectronics.FP-ATR-ASTRA1.1.1.1
2023-01-18 20:30:19,900 [WARN] PackLoader:242 - Cannot read IP mode file for STMicroelectronics.X-CUBE-BLEMGR.1.3.0
2023-01-18 20:30:19,924 [WARN] PackLoader:242 - Cannot read IP mode file for STMicroelectronics.X-CUBE-AZRTOS-G4.1.0.0
2023-01-18 20:30:19,937 [WARN] PackLoader:242 - Cannot read IP mode file for STMicroelectronics.FP-ATR-SIGFOX1.3.2.0
2023-01-18 20:30:19,965 [WARN] PackLoader:242 - Cannot read IP mode file for STMicroelectronics.X-CUBE-AZRTOS-L4.1.0.0
2023-01-18 20:30:19,990 [WARN] PackLoader:242 - Cannot read IP mode file for STMicroelectronics.X-CUBE-AZRTOS-WL.1.0.0
2023-01-18 20:30:20,003 [WARN] PackLoader:242 - Cannot read IP mode file for portGmbH.I-Cube-SoM-uGOAL.1.1.0
2023-01-18 20:30:20,014 [WARN] PackLoader:242 - Cannot read IP mode file for STMicroelectronics.X-CUBE-ALS.1.0.1
2023-01-18 20:30:20,036 [WARN] PackLoader:242 - Cannot read IP mode file for STMicroelectronics.X-CUBE-AZRTOS-WB.1.1.0
2023-01-18 20:30:20,078 [WARN] PackLoader:242 - Cannot read IP mode file for SEGGER.I-CUBE-embOS.1.3.0
2023-01-18 20:30:20,116 [INFO] ThirdParty:947 - Integrity check success = true
2023-01-18 20:30:20,117 [INFO] IntegrityCheckThread:98 - exiting critical section [integrity check]
2023-01-18 20:30:20,117 [INFO] ThirdParty:847 - entering critical section [close project]
2023-01-18 20:30:20,118 [INFO] ThirdParty:857 - exiting critical section [close project]
2023-01-18 20:30:20,118 [INFO] IntegrityCheckThread:101 - End integrity checks thread
2023-01-18 20:30:20,127 [INFO] PinOutPanel:1477 - setPackage(No Configuration,No Configuration)
2023-01-18 20:30:20,133 [INFO] UtilMem:74 - Begin LoadConfig() Used Memory: 188716808 Bytes (268435456)
2023-01-18 20:30:20,134 [INFO] MicroXplorer:451 - Change Database Path : 
2023-01-18 20:30:20,134 [INFO] MicroXplorer:481 - Change Database Version : DB.6.0.70
2023-01-18 20:30:20,135 [INFO] OpenFileManager:307 - Change cursor
2023-01-18 20:30:20,199 [INFO] Mcu:1925 - Initializing MCU STM32F030C6Tx STM32F030C6Tx STM32F030C6T6
2023-01-18 20:30:21,364 [INFO] Context:654 - Trying to add GPIOservice into a context  which must be forbidden
2023-01-18 20:30:21,867 [INFO] RtosManager:489 - Registered RTOS mode: class=CMSIS, group=RTOS, mode=CMSIS_V1, owner=FREERTOS
2023-01-18 20:30:21,868 [INFO] RtosManager:489 - Registered RTOS mode: class=CMSIS, group=RTOS2, mode=CMSIS_V2, owner=FREERTOS
2023-01-18 20:30:21,868 [INFO] RtosManager:489 - Registered RTOS mode: class=RTOS, group=Core, mode=CMSIS_V1, owner=FREERTOS
2023-01-18 20:30:21,868 [INFO] RtosManager:489 - Registered RTOS mode: class=RTOS, group=Core, mode=CMSIS_V2, owner=FREERTOS
2023-01-18 20:30:21,868 [WARN] ModelIntegratedComponent:185 - Missing modes for component STMicroelectronics:FreeRTOS:0.0.1:STMicroelectronics:RTOS:FreeRTOS:Core:::10.2.0:
2023-01-18 20:30:21,877 [WARN] ModelIntegratedComponent:64 - No mode defined for component null
2023-01-18 20:30:21,878 [WARN] ModelIntegratedComponent:64 - No mode defined for component null
2023-01-18 20:30:21,878 [WARN] ModelIntegratedComponent:64 - No mode defined for component null
2023-01-18 20:30:21,878 [WARN] ModelIntegratedComponent:64 - No mode defined for component null
2023-01-18 20:30:21,878 [WARN] ModelIntegratedComponent:64 - No mode defined for component null
2023-01-18 20:30:21,878 [WARN] ModelIntegratedComponent:64 - No mode defined for component null
2023-01-18 20:30:21,878 [WARN] ModelIntegratedComponent:64 - No mode defined for component null
2023-01-18 20:30:21,878 [WARN] ModelIntegratedComponent:64 - No mode defined for component null
2023-01-18 20:30:21,878 [WARN] ModelIntegratedComponent:64 - No mode defined for component null
2023-01-18 20:30:21,878 [WARN] ModelIntegratedComponent:64 - No mode defined for component null
2023-01-18 20:30:21,879 [WARN] ModelIntegratedComponent:64 - No mode defined for component null
2023-01-18 20:30:21,880 [WARN] ModelIntegratedComponent:64 - No mode defined for component null
2023-01-18 20:30:21,880 [WARN] ModelIntegratedComponent:64 - No mode defined for component null
2023-01-18 20:30:21,881 [WARN] ModelIntegratedComponent:64 - No mode defined for component null
2023-01-18 20:30:21,881 [WARN] ModelIntegratedComponent:64 - No mode defined for component null
2023-01-18 20:30:21,881 [WARN] ModelIntegratedComponent:64 - No mode defined for component null
2023-01-18 20:30:21,881 [WARN] ModelIntegratedComponent:64 - No mode defined for component null
2023-01-18 20:30:21,881 [WARN] ModelIntegratedComponent:64 - No mode defined for component null
2023-01-18 20:30:21,881 [WARN] ModelIntegratedComponent:64 - No mode defined for component null
2023-01-18 20:30:21,882 [WARN] ModelIntegratedComponent:64 - No mode defined for component null
2023-01-18 20:30:21,882 [WARN] ModelIntegratedComponent:64 - No mode defined for component null
2023-01-18 20:30:21,882 [WARN] ModelIntegratedComponent:64 - No mode defined for component null
2023-01-18 20:30:21,882 [WARN] ModelIntegratedComponent:64 - No mode defined for component null
2023-01-18 20:30:21,882 [WARN] ModelIntegratedComponent:64 - No mode defined for component null
2023-01-18 20:30:21,882 [WARN] ModelIntegratedComponent:64 - No mode defined for component null
2023-01-18 20:30:21,882 [WARN] ModelIntegratedComponent:64 - No mode defined for component null
2023-01-18 20:30:21,882 [WARN] ModelIntegratedComponent:64 - No mode defined for component null
2023-01-18 20:30:21,883 [WARN] ModelIntegratedComponent:64 - No mode defined for component null
2023-01-18 20:30:21,883 [WARN] ModelIntegratedComponent:64 - No mode defined for component null
2023-01-18 20:30:21,883 [WARN] ModelIntegratedComponent:64 - No mode defined for component null
2023-01-18 20:30:21,883 [WARN] ModelIntegratedComponent:64 - No mode defined for component null
2023-01-18 20:30:21,883 [WARN] ModelIntegratedComponent:64 - No mode defined for component null
2023-01-18 20:30:21,883 [WARN] ModelIntegratedComponent:64 - No mode defined for component null
2023-01-18 20:30:21,906 [INFO] ThirdPartyModel:294 - Start build external matchings
2023-01-18 20:30:22,082 [INFO] ThirdPartyModel:310 - End build external matchings
2023-01-18 20:30:22,103 [INFO] ImportTextPane:193 - (OptionalMessage_ERROR) IP (RCC) : Invalid parameter (FamilyName)
2023-01-18 20:30:22,284 [INFO] UtilMem:74 - End LoadConfig() Used Memory: 208084080 Bytes (268435456)
2023-01-18 20:30:22,421 [INFO] ApiDb:580 - Connected to CubeFinder SQLite database (C:\Users\Jorn\.stmcufinder\plugins\mcufinder\mcu\cube-finder-db.db)
2023-01-18 20:30:22,511 [INFO] ApiDb:667 - CubeFinder database Data Model version=2.1
2023-01-18 20:30:22,511 [INFO] ApiDb:668 - CubeFinder database Configuration version=3.0.35
2023-01-18 20:30:22,511 [INFO] ApiDb:669 - CubeFinder database generation date=2022-12-20 (1671519758)
2023-01-18 20:30:22,511 [INFO] ApiDb:670 - CubeFinder database FW Pack versions=[FP-ATR-ASTRA1_V1.1.1, STM32Cube_FW_C0_V1.0.0, STM32Cube_FW_F4_V1.27.1, STM32Cube_FW_F7_V1.17.0, STM32Cube_FW_G0_V1.6.1, STM32Cube_FW_G4_V1.5.0, STM32Cube_FW_H5_V0.5.1, STM32Cube_FW_H7_V1.11.0, STM32Cube_FW_L5_V1.5.0, STM32Cube_FW_U5_V1.1.1, STM32Cube_FW_WBA_V0.2.0, STM32Cube_FW_WB_V1.15.0, STM32Cube_FW_WB_V1.15.0RC1, STM32Cube_FW_WL_V1.3.0, X-CUBE-ALGOBUILD_V1.3.0, X-CUBE-ALS_V1.0.1, X-CUBE-AZRTOS-F4_V1.1.0, X-CUBE-AZRTOS-F7_V1.1.0, X-CUBE-AZRTOS-G0_V1.1.0, X-CUBE-AZRTOS-G4_V1.0.0, X-CUBE-AZRTOS-H7_V2.1.0, X-CUBE-AZRTOS-L4_V1.0.0, X-CUBE-AZRTOS-L5_V1.0.0, X-CUBE-AZRTOS-WL_V1.0.0, X-CUBE-BLE1_V6.2.4, X-CUBE-BLE2_V3.3.0, X-CUBE-BLEMGR_V1.3.0, X-CUBE-EEPRMA1_V4.1.0, X-CUBE-GNSS1_V6.0.0, X-CUBE-MEMS1_V9.1.0, X-CUBE-MEMS1_V9.3.0, X-CUBE-MEMS1_V9.4.0, X-CUBE-NFC4_V2.0.5, X-CUBE-NFC7_V1.0.0, X-CUBE-SFXS2LP1_V4.0.0, X-CUBE-SUBG2_V5.0.0]
2023-01-18 20:30:24,881 [INFO] ApiDb:239 - Found 143 in-development CPN: [B-WB1M-WPAN1, B-WL5M-SUBG1, NUCLEO-C031C6, STEVAL-PROTEUS1, STEVAL-STWINBX1, STM320518-EVAL, STM32C0116-DK, STM32C011D6Y3TR, STM32C011D6Y6TR, STM32C011F4P3, STM32C011F4P6, STM32C011F4U3, STM32C011F4U6TR, STM32C011F6P3, STM32C011F6P6, STM32C011F6U3, STM32C011F6U6TR, STM32C011J4M3, STM32C011J4M6, STM32C011J6M3, STM32C011J6M6, STM32C0316-DK, STM32C031C4T3, STM32C031C4T6, STM32C031C4U3, STM32C031C4U6, STM32C031C6T3, STM32C031C6T6, STM32C031C6U3, STM32C031C6U6, STM32C031F4P3, STM32C031F4P6, STM32C031F6P3, STM32C031F6P6, STM32C031G4U3, STM32C031G4U6, STM32C031G6U3, STM32C031G6U6, STM32C031K4T3, STM32C031K4T6, STM32C031K4U3, STM32C031K4U6, STM32C031K6T3, STM32C031K6T6, STM32C031K6U3, STM32C031K6U6, STM32G071K8TXN, STM32G071K8UXN, STM32G081GBU6N, STM32G081KBT6N, STM32G081KBUXN, STM32G0B1CCT6N, STM32G0B1KCT6, STM32G0B1NEY6TR, STM32G0B1RCT6N, STM32G0C1CCT6, STM32G0C1CCT6N, STM32G0C1CCU6N, STM32G0C1CET6N, STM32G0C1CEU6N, STM32G0C1KCT6, STM32G0C1NEY6TR, STM32G0C1RCI6N, STM32G0C1RCT6N, STM32G0C1REI6N, STM32G0C1RET6N, STM32G0C1VCI6, STM32G0C1VEI6, STM32G471CCT6, STM32G471CCU6, STM32G471CET3, STM32G471CET6, STM32G471CEU3, STM32G471CEU6, STM32G471MCT6, STM32G471MET3, STM32G471MET6, STM32G471MEY6TR, STM32G471QCT6, STM32G471QET3, STM32G471RCT6, STM32G471RET3, STM32G471RET6, STM32G471VCH6, STM32G471VCI6, STM32G471VCT6, STM32G471VEH3, STM32G471VEH6, STM32G471VEI3, STM32G471VEI6, STM32G471VET3, STM32G471VET6, STM32G474CCT6, STM32L476VGY6PTR, STM32L4R5QGI6STR, STM32MP131AAE3, STM32MP131AAF3, STM32MP131AAG3, STM32MP131CAE3, STM32MP131CAF3, STM32MP131CAG3, STM32MP131DAE7, STM32MP131DAF7, STM32MP131DAG7, STM32MP131FAE7, STM32MP131FAF7, STM32MP131FAG7, STM32MP133AAE3, STM32MP133AAF3, STM32MP133AAG3, STM32MP133CAE3, STM32MP133CAF3, STM32MP133CAG3, STM32MP133DAE7, STM32MP133DAF7, STM32MP133DAG7, STM32MP133FAE7, STM32MP133FAF7, STM32MP133FAG7, STM32MP135AAE3, STM32MP135AAF3, STM32MP135AAG3, STM32MP135CAE3, STM32MP135CAF3, STM32MP135CAG3, STM32MP135DAE7, STM32MP135DAF7, STM32MP135DAG7, STM32MP135F-DK, STM32MP135FAE7, STM32MP135FAF7, STM32MP135FAF7T, STM32MP135FAF7U, STM32MP135FAG7, STM32U595ZJT6Q, STM32U599BJY6QTR, STM32U599NIH6Q, STM32U599NJH6Q, STM32U5A5ZJT6Q, STM32U5A9BJY6QTR, STM32U5A9NJH6Q, STM32WB1MMCH6, STM32WL5MOCH6TR]
2023-01-18 20:30:24,885 [INFO] DbMcus:215 - Found 3582 MCUs, 3582 are supported
2023-01-18 20:30:24,888 [INFO] ApiDb:422 - Load user favorites file C:\Users\Jorn/.stm32cubeide/favorites.mcus.txt: 0 item(s)
2023-01-18 20:30:24,889 [INFO] ApiDb:426 - User favorites MCUs=[]
2023-01-18 20:30:24,889 [INFO] DbMcus:221 - Set 0 / 0 favorites MCUs
2023-01-18 20:30:25,245 [WARN] ThirdParty:807 - waiting for thirdparty lock release [change project]
2023-01-18 20:30:25,245 [INFO] ThirdParty:809 - entering critical section [change project]
2023-01-18 20:30:25,246 [INFO] ThirdParty:999 - CMSIS Pack Vendor :STMicroelectronics X-CUBE-ISPU 1.1.0
2023-01-18 20:30:25,246 [INFO] ThirdParty:999 - CMSIS Pack Vendor :RoweBots I-CUBE-UNISONRTOS 5.5.0-4
2023-01-18 20:30:25,246 [INFO] ThirdParty:999 - CMSIS Pack Vendor :STMicroelectronics X-CUBE-GNSS1 6.0.0
2023-01-18 20:30:25,246 [INFO] ThirdParty:999 - CMSIS Pack Vendor :STMicroelectronics USB_HOST 2.0.0
2023-01-18 20:30:25,246 [INFO] ThirdParty:999 - CMSIS Pack Vendor :STMicroelectronics X-CUBE-AZRTOS-F4 1.1.0
2023-01-18 20:30:25,246 [INFO] ThirdParty:999 - CMSIS Pack Vendor :STMicroelectronics LIBJPEG 8.0.0
2023-01-18 20:30:25,246 [INFO] ThirdParty:999 - CMSIS Pack Vendor :STMicroelectronics USB_DEVICE 3.0.0
2023-01-18 20:30:25,246 [INFO] ThirdParty:999 - CMSIS Pack Vendor :STMicroelectronics X-CUBE-TOUCHGFX 4.21.0
2023-01-18 20:30:25,246 [INFO] ThirdParty:999 - CMSIS Pack Vendor :STMicroelectronics X-CUBE-AZRTOS-F7 1.1.0
2023-01-18 20:30:25,247 [INFO] ThirdParty:999 - CMSIS Pack Vendor :STMicroelectronics X-CUBE-MEMS1 9.4.0
2023-01-18 20:30:25,247 [INFO] ThirdParty:999 - CMSIS Pack Vendor :STMicroelectronics USB_DEVICE 2.0.0
2023-01-18 20:30:25,247 [INFO] ThirdParty:999 - CMSIS Pack Vendor :STMicroelectronics X-CUBE-AI 7.3.0
2023-01-18 20:30:25,247 [INFO] ThirdParty:999 - CMSIS Pack Vendor :STMicroelectronics X-CUBE-ALGOBUILD 1.3.0
2023-01-18 20:30:25,247 [INFO] ThirdParty:999 - CMSIS Pack Vendor :STMicroelectronics X-CUBE-BLE1 6.2.4
2023-01-18 20:30:25,247 [INFO] ThirdParty:999 - CMSIS Pack Vendor :STMicroelectronics X-CUBE-AZRTOS-L5 1.1.0
2023-01-18 20:30:25,247 [INFO] ThirdParty:999 - CMSIS Pack Vendor :STMicroelectronics FreeRTOS 0.0.1
2023-01-18 20:30:25,247 [INFO] ThirdParty:999 - CMSIS Pack Vendor :emotas I-CUBE-CANOPEN 1.1.3
2023-01-18 20:30:25,247 [INFO] ThirdParty:999 - CMSIS Pack Vendor :STMicroelectronics X-CUBE-AZRTOS-G0 1.1.0
2023-01-18 20:30:25,247 [INFO] ThirdParty:999 - CMSIS Pack Vendor :STMicroelectronics X-CUBE-SUBG2 5.0.0
2023-01-18 20:30:25,247 [INFO] ThirdParty:999 - CMSIS Pack Vendor :STMicroelectronics X-CUBE-NFC4 3.0.0
2023-01-18 20:30:25,247 [INFO] ThirdParty:999 - CMSIS Pack Vendor :STMicroelectronics STM32_WPAN 1.0.0
2023-01-18 20:30:25,247 [INFO] ThirdParty:999 - CMSIS Pack Vendor :STMicroelectronics lwIP 2.0.3
2023-01-18 20:30:25,247 [INFO] ThirdParty:999 - CMSIS Pack Vendor :STMicroelectronics USB_HOST 1.0.0
2023-01-18 20:30:25,248 [INFO] ThirdParty:999 - CMSIS Pack Vendor :STMicroelectronics PDM2PCM 3.1.0
2023-01-18 20:30:25,248 [INFO] ThirdParty:999 - CMSIS Pack Vendor :STMicroelectronics FP-ATR-ASTRA1 1.1.1
2023-01-18 20:30:25,248 [INFO] ThirdParty:999 - CMSIS Pack Vendor :STMicroelectronics PDM2PCM 3.3.0
2023-01-18 20:30:25,248 [INFO] ThirdParty:999 - CMSIS Pack Vendor :STMicroelectronics X-CUBE-BLEMGR 1.3.0
2023-01-18 20:30:25,248 [INFO] ThirdParty:999 - CMSIS Pack Vendor :STMicroelectronics X-CUBE-AZRTOS-G4 1.0.0
2023-01-18 20:30:25,248 [INFO] ThirdParty:999 - CMSIS Pack Vendor :STMicroelectronics FP-ATR-SIGFOX1 3.2.0
2023-01-18 20:30:25,248 [INFO] ThirdParty:999 - CMSIS Pack Vendor :wolfSSL I-CUBE-wolfSSL 5.5.4
2023-01-18 20:30:25,248 [INFO] ThirdParty:999 - CMSIS Pack Vendor :STMicroelectronics X-CUBE-AZRTOS-L4 1.0.0
2023-01-18 20:30:25,248 [INFO] ThirdParty:999 - CMSIS Pack Vendor :STMicroelectronics HAL Drivers 0.0.0
2023-01-18 20:30:25,248 [INFO] ThirdParty:999 - CMSIS Pack Vendor :STMicroelectronics MBEDTLS 2.16.2
2023-01-18 20:30:25,248 [INFO] ThirdParty:999 - CMSIS Pack Vendor :STMicroelectronics MBEDTLS 2.14.1
2023-01-18 20:30:25,248 [INFO] ThirdParty:999 - CMSIS Pack Vendor :STMicroelectronics X-CUBE-NFC7 1.0.0
2023-01-18 20:30:25,249 [INFO] ThirdParty:999 - CMSIS Pack Vendor :STMicroelectronics X-CUBE-AZRTOS-WL 1.0.0
2023-01-18 20:30:25,249 [INFO] ThirdParty:999 - CMSIS Pack Vendor :STMicroelectronics X-CUBE-EEPRMA1 4.1.0
2023-01-18 20:30:25,249 [INFO] ThirdParty:999 - CMSIS Pack Vendor :portGmbH I-Cube-SoM-uGOAL 1.1.0
2023-01-18 20:30:25,249 [INFO] ThirdParty:999 - CMSIS Pack Vendor :STMicroelectronics X-CUBE-ALS 1.0.1
2023-01-18 20:30:25,249 [INFO] ThirdParty:999 - CMSIS Pack Vendor :STMicroelectronics ThreadX 1.0.0
2023-01-18 20:30:25,249 [INFO] ThirdParty:999 - CMSIS Pack Vendor :STMicroelectronics X-CUBE-AZRTOS-WB 1.1.0
2023-01-18 20:30:25,249 [INFO] ThirdParty:999 - CMSIS Pack Vendor :STMicroelectronics USB_DEVICE 1.0.0
2023-01-18 20:30:25,249 [INFO] ThirdParty:999 - CMSIS Pack Vendor :SEGGER I-CUBE-embOS 1.3.0
2023-01-18 20:30:25,249 [INFO] ThirdParty:999 - CMSIS Pack Vendor :STMicroelectronics ThreadX 0.0.2
2023-01-18 20:30:25,249 [INFO] ThirdParty:999 - CMSIS Pack Vendor :STMicroelectronics lwIP 2.1.2
2023-01-18 20:30:25,249 [INFO] ThirdParty:999 - CMSIS Pack Vendor :STMicroelectronics X-CUBE-SFXS2LP1 4.0.0
2023-01-18 20:30:25,249 [INFO] ThirdParty:999 - CMSIS Pack Vendor :STMicroelectronics X-CUBE-BLE2 3.3.0
2023-01-18 20:30:25,249 [INFO] ThirdParty:999 - CMSIS Pack Vendor :STMicroelectronics X-CUBE-DISPLAY 2.2.0
2023-01-18 20:30:25,250 [INFO] ThirdParty:999 - CMSIS Pack Vendor :STMicroelectronics X-CUBE-TOF1 3.2.0
2023-01-18 20:30:25,251 [INFO] ThirdParty:999 - CMSIS Pack Vendor :STMicroelectronics PDM2PCM 3.2.0
2023-01-18 20:30:25,251 [INFO] ThirdParty:999 - CMSIS Pack Vendor :STMicroelectronics X-CUBE-AZRTOS-H7 3.0.0
2023-01-18 20:30:25,251 [INFO] ThirdParty:815 - exiting critical section [change project]
2023-01-18 20:30:25,667 [INFO] PinOutPanel:1477 - setPackage(No Configuration,No Configuration)
2023-01-18 20:30:25,673 [INFO] PinOutPanel:1477 - setPackage(STM32F030C6Tx,LQFP48)
2023-01-18 20:30:27,546 [INFO] UtilMem:74 - Before build in PCC Used Memory: 154150696 Bytes (268435456)
2023-01-18 20:30:28,227 [ERROR] LogOutputStream:74 - [STDERR_REDIRECT] SLF4J: Failed to load class "org.slf4j.impl.StaticLoggerBinder".
2023-01-18 20:30:28,233 [ERROR] LogOutputStream:74 - [STDERR_REDIRECT] SLF4J: Defaulting to no-operation (NOP) logger implementation
2023-01-18 20:30:28,235 [ERROR] LogOutputStream:74 - [STDERR_REDIRECT] SLF4J: See http://www.slf4j.org/codes.html#StaticLoggerBinder for further details.
2023-01-18 20:30:29,472 [INFO] UtilMem:74 - After build in PCC Used Memory: 214254328 Bytes (268435456)
2023-01-18 20:30:29,501 [INFO] IPUIPlugin:79 - create IPUIPlugin
2023-01-18 20:30:29,501 [INFO] IPUIPlugin:79 - create IPUIPlugin
2023-01-18 20:30:29,501 [INFO] IPUIPlugin:79 - create IPUIPlugin
2023-01-18 20:30:29,503 [INFO] IPUIPlugin:79 - create IPUIPlugin
2023-01-18 20:30:29,503 [INFO] IPUIPlugin:79 - create IPUIPlugin
2023-01-18 20:30:29,503 [INFO] IPUIPlugin:79 - create IPUIPlugin
2023-01-18 20:30:29,503 [INFO] IPUIPlugin:79 - create IPUIPlugin
2023-01-18 20:30:29,503 [INFO] IPUIPlugin:79 - create IPUIPlugin
2023-01-18 20:30:29,504 [INFO] IPUIPlugin:79 - create IPUIPlugin
2023-01-18 20:30:29,504 [INFO] IPUIPlugin:79 - create IPUIPlugin
2023-01-18 20:30:29,504 [INFO] IPUIPlugin:79 - create IPUIPlugin
2023-01-18 20:30:29,504 [INFO] IPUIPlugin:79 - create IPUIPlugin
2023-01-18 20:30:29,504 [INFO] IPUIPlugin:79 - create IPUIPlugin
2023-01-18 20:30:29,504 [INFO] IPUIPlugin:79 - create IPUIPlugin
2023-01-18 20:30:29,505 [INFO] IPUIPlugin:79 - create IPUIPlugin
2023-01-18 20:30:29,505 [INFO] IPUIPlugin:79 - create IPUIPlugin
2023-01-18 20:30:29,505 [INFO] IPUIPlugin:79 - create IPUIPlugin
2023-01-18 20:30:29,505 [INFO] IPUIPlugin:79 - create IPUIPlugin
2023-01-18 20:30:29,506 [INFO] IPUIPlugin:79 - create IPUIPlugin
2023-01-18 20:30:29,506 [INFO] IPUIPlugin:79 - create IPUIPlugin
2023-01-18 20:30:29,507 [INFO] IPUIPlugin:79 - create IPUIPlugin
2023-01-18 20:30:30,101 [INFO] CADModel:164 - CPN selected for project levelSTM32F030C6T6
2023-01-18 20:30:30,112 [INFO] CADModel:113 - Register for checkConnection events
2023-01-18 20:30:30,194 [INFO] OpenFileManager:327 - Restore cursor
2023-01-18 20:31:51,946 [INFO] JxBrowserEngine:114 - Initiate JxBrowser Engine with user profile folder
2023-01-18 20:31:56,795 [INFO] WebAppUi:459 - Close the Jxbrowser engine manually
2023-01-18 20:31:56,848 [INFO] WebAppUi:462 - Profiles folder deleted
2023-01-18 20:31:57,678 [ERROR] LogOutputStream:74 - [STDERR_REDIRECT] 
